2014-02-22 16:35:54+0800 [scrapy] INFO: Scrapy 0.14.4 started (bot: MarketSearch)
2014-02-22 16:35:54+0800 [scrapy] DEBUG: Enabled extensions: LogStats, CloseSpider, CoreStats, MemoryUsage, SpiderState
2014-02-22 16:35:54+0800 [scrapy] DEBUG: Enabled downloader middlewares: HttpAuthMiddleware, DownloadTimeoutMiddleware, UserAgentMiddleware, RetryMiddleware, DefaultHeadersMiddleware, RedirectMiddleware, CookiesMiddleware, HttpCompressionMiddleware, ChunkedTransferMiddleware, DownloaderStats
2014-02-22 16:35:54+0800 [scrapy] DEBUG: Enabled spider middlewares: OffsiteMiddleware, RefererMiddleware, HttpErrorMiddleware, UrlLengthMiddleware, DepthMiddleware
2014-02-22 16:35:54+0800 [scrapy] DEBUG: Enabled item pipelines: AppItemAdapterPipeline, AppItemStorePipeline
2014-02-22 16:35:54+0800 [downloadlink.as.baidu.com] INFO: Spider opened
2014-02-22 16:35:54+0800 [downloadlink.as.baidu.com] INFO: Crawled 0 pages (at 0 pages/min), scraped 0 items (at 0 items/min)
2014-02-22 16:35:55+0800 [downloadlink.as.baidu.com] DEBUG: Crawled (200) <GET http://as.baidu.com/a/rank> (referer: None)
2014-02-22 16:35:55+0800 [downloadlink.as.baidu.com] DEBUG: Crawled (200) <GET http://as.baidu.com/a/item?docid=5642419&f=rank_3000_0&pos=rank_3000_0&pre=web_am_rank> (referer: http://as.baidu.com/a/rank)
2014-02-22 16:35:55+0800 [downloadlink.as.baidu.com] DEBUG: Crawled (200) <GET http://as.baidu.com/a/item?docid=5841476&f=rank_3000_39&pos=rank_3000_39&pre=web_am_rank> (referer: http://as.baidu.com/a/rank)
2014-02-22 16:35:55+0800 [downloadlink.as.baidu.com] DEBUG: Crawled (200) <GET http://as.baidu.com/a/item?docid=5630298&f=rank_3000_37&pos=rank_3000_37&pre=web_am_rank> (referer: http://as.baidu.com/a/rank)
2014-02-22 16:35:55+0800 [downloadlink.as.baidu.com] DEBUG: Crawled (200) <GET http://as.baidu.com/a/item?docid=1303979&f=rank_3000_35&pos=rank_3000_35&pre=web_am_rank> (referer: http://as.baidu.com/a/rank)
2014-02-22 16:35:55+0800 [downloadlink.as.baidu.com] DEBUG: Crawled (200) <GET http://as.baidu.com/a/item?docid=5597946&f=rank_3000_34&pos=rank_3000_34&pre=web_am_rank> (referer: http://as.baidu.com/a/rank)
2014-02-22 16:35:56+0800 [downloadlink.as.baidu.com] DEBUG: Crawled (200) <GET http://as.baidu.com/a/item?docid=5848185&f=rank_3000_33&pos=rank_3000_33&pre=web_am_rank> (referer: http://as.baidu.com/a/rank)
2014-02-22 16:35:56+0800 [downloadlink.as.baidu.com] DEBUG: Crawled (200) <GET http://as.baidu.com/a/item?docid=5804559&f=rank_3000_38&pos=rank_3000_38&pre=web_am_rank> (referer: http://as.baidu.com/a/rank)
2014-02-22 16:35:56+0800 [downloadlink.as.baidu.com] DEBUG: Crawled (200) <GET http://as.baidu.com/a/item?docid=4762128&f=rank_3000_30&pos=rank_3000_30&pre=web_am_rank> (referer: http://as.baidu.com/a/rank)
2014-02-22 16:35:56+0800 [downloadlink.as.baidu.com] DEBUG: Crawled (200) <GET http://as.baidu.com/a/item?docid=5572758&f=rank_3000_32&pos=rank_3000_32&pre=web_am_rank> (referer: http://as.baidu.com/a/rank)
2014-02-22 16:35:56+0800 [downloadlink.as.baidu.com] DEBUG: Crawled (200) <GET http://as.baidu.com/a/item?docid=5646979&f=rank_3000_36&pos=rank_3000_36&pre=web_am_rank> (referer: http://as.baidu.com/a/rank)
2014-02-22 16:35:56+0800 [downloadlink.as.baidu.com] DEBUG: Crawled (200) <GET http://as.baidu.com/a/item?docid=5516321&f=rank_3000_31&pos=rank_3000_31&pre=web_am_rank> (referer: http://as.baidu.com/a/rank)
2014-02-22 16:35:56+0800 [downloadlink.as.baidu.com] DEBUG: Crawled (200) <GET http://as.baidu.com/a/item?docid=5572014&f=rank_3000_29&pos=rank_3000_29&pre=web_am_rank> (referer: http://as.baidu.com/a/rank)
2014-02-22 16:35:56+0800 [downloadlink.as.baidu.com] DEBUG: Crawled (200) <GET http://as.baidu.com/a/rank?pre=web_am_header> (referer: http://as.baidu.com/a/rank)
2014-02-22 16:35:56+0800 [downloadlink.as.baidu.com] DEBUG: Crawled (200) <GET http://as.baidu.com/a/item?docid=5448659&f=rank_3000_28&pos=rank_3000_28&pre=web_am_rank> (referer: http://as.baidu.com/a/rank)
2014-02-22 16:35:56+0800 [downloadlink.as.baidu.com] DEBUG: Crawled (200) <GET http://as.baidu.com/a/item?docid=5569960&f=rank_3000_26&pos=rank_3000_26&pre=web_am_rank> (referer: http://as.baidu.com/a/rank)
2014-02-22 16:35:56+0800 [downloadlink.as.baidu.com] DEBUG: Crawled (200) <GET http://as.baidu.com/a/rank?cid=500&s=1> (referer: http://as.baidu.com/a/rank)
2014-02-22 16:35:56+0800 [downloadlink.as.baidu.com] DEBUG: Crawled (200) <GET http://as.baidu.com/a/item?docid=5851262&f=rank_3000_27&pos=rank_3000_27&pre=web_am_rank> (referer: http://as.baidu.com/a/rank)
2014-02-22 16:35:56+0800 [downloadlink.as.baidu.com] DEBUG: Crawled (200) <GET http://as.baidu.com/a/rank?cid=509&s=1> (referer: http://as.baidu.com/a/rank)
2014-02-22 16:35:57+0800 [downloadlink.as.baidu.com] DEBUG: Crawled (200) <GET http://as.baidu.com/a/rank?cid=508&s=1> (referer: http://as.baidu.com/a/rank)
2014-02-22 16:35:57+0800 [downloadlink.as.baidu.com] DEBUG: Crawled (200) <GET http://as.baidu.com/a/rank?cid=507&s=1> (referer: http://as.baidu.com/a/rank)
2014-02-22 16:35:57+0800 [downloadlink.as.baidu.com] DEBUG: Crawled (200) <GET http://as.baidu.com/a/rank?cid=510&s=1> (referer: http://as.baidu.com/a/rank)
2014-02-22 16:35:57+0800 [downloadlink.as.baidu.com] DEBUG: Crawled (200) <GET http://as.baidu.com/a/rank?cid=506&s=1> (referer: http://as.baidu.com/a/rank)
2014-02-22 16:35:57+0800 [downloadlink.as.baidu.com] DEBUG: Crawled (200) <GET http://as.baidu.com/a/rank?cid=505&s=1> (referer: http://as.baidu.com/a/rank)
2014-02-22 16:35:57+0800 [downloadlink.as.baidu.com] DEBUG: Crawled (200) <GET http://as.baidu.com/a/rank?cid=504&s=1> (referer: http://as.baidu.com/a/rank)
2014-02-22 16:35:57+0800 [downloadlink.as.baidu.com] DEBUG: Crawled (200) <GET http://as.baidu.com/a/rank?cid=502&s=1> (referer: http://as.baidu.com/a/rank)
2014-02-22 16:35:57+0800 [downloadlink.as.baidu.com] DEBUG: Crawled (200) <GET http://as.baidu.com/a/rank?cid=101&s=1> (referer: http://as.baidu.com/a/rank)
2014-02-22 16:35:57+0800 [downloadlink.as.baidu.com] DEBUG: Crawled (200) <GET http://as.baidu.com/a/rank?cid=400&s=1> (referer: http://as.baidu.com/a/rank)
2014-02-22 16:35:57+0800 [downloadlink.as.baidu.com] DEBUG: Crawled (200) <GET http://as.baidu.com/a/rank?cid=408&s=1> (referer: http://as.baidu.com/a/rank)
2014-02-22 16:35:57+0800 [downloadlink.as.baidu.com] DEBUG: Crawled (200) <GET http://as.baidu.com/a/rank?cid=503&s=1> (referer: http://as.baidu.com/a/rank)
2014-02-22 16:35:58+0800 [downloadlink.as.baidu.com] DEBUG: Crawled (200) <GET http://as.baidu.com/a/rank?cid=501&s=1> (referer: http://as.baidu.com/a/rank)
2014-02-22 16:35:58+0800 [downloadlink.as.baidu.com] DEBUG: Crawled (200) <GET http://as.baidu.com/a/rank?cid=407&s=1> (referer: http://as.baidu.com/a/rank)
2014-02-22 16:35:58+0800 [downloadlink.as.baidu.com] DEBUG: Crawled (200) <GET http://as.baidu.com/a/item?docid=1292844320&f=rank_3000_37&pos=rank_3000_37&pre=web_am_rank> (referer: http://as.baidu.com/a/rank?cid=500&s=1)
2014-02-22 16:35:58+0800 [downloadlink.as.baidu.com] DEBUG: Crawled (200) <GET http://as.baidu.com/a/rank?cid=406&s=1> (referer: http://as.baidu.com/a/rank)
2014-02-22 16:35:58+0800 [downloadlink.as.baidu.com] DEBUG: Crawled (200) <GET http://as.baidu.com/a/rank?cid=508&pn=48&s=1> (referer: http://as.baidu.com/a/rank?cid=508&s=1)
2014-02-22 16:35:58+0800 [downloadlink.as.baidu.com] DEBUG: Crawled (200) <GET http://as.baidu.com/a/rank?cid=500&pn=50&s=1> (referer: http://as.baidu.com/a/rank?cid=500&s=1)
2014-02-22 16:35:58+0800 [downloadlink.as.baidu.com] DEBUG: Crawled (200) <GET http://as.baidu.com/a/rank?cid=509&pn=18&s=1> (referer: http://as.baidu.com/a/rank?cid=509&s=1)
2014-02-22 16:35:58+0800 [downloadlink.as.baidu.com] DEBUG: Crawled (200) <GET http://as.baidu.com/a/rank?cid=507&pn=49&s=1> (referer: http://as.baidu.com/a/rank?cid=507&s=1)
2014-02-22 16:35:58+0800 [downloadlink.as.baidu.com] DEBUG: Crawled (200) <GET http://as.baidu.com/a/rank?cid=506&pn=50&s=1> (referer: http://as.baidu.com/a/rank?cid=506&s=1)
2014-02-22 16:35:58+0800 [downloadlink.as.baidu.com] DEBUG: Crawled (200) <GET http://as.baidu.com/a/item?docid=5836178&f=rank_3000_39&pos=rank_3000_39&pre=web_am_rank> (referer: http://as.baidu.com/a/rank?cid=510&s=1)
2014-02-22 16:35:58+0800 [downloadlink.as.baidu.com] DEBUG: Crawled (200) <GET http://as.baidu.com/a/rank?cid=505&pn=49&s=1> (referer: http://as.baidu.com/a/rank?cid=505&s=1)
2014-02-22 16:35:58+0800 [downloadlink.as.baidu.com] DEBUG: Crawled (200) <GET http://as.baidu.com/a/item?docid=5798347&f=rank_3000_39&pos=rank_3000_39&pre=web_am_rank> (referer: http://as.baidu.com/a/rank?cid=504&s=1)
2014-02-22 16:35:58+0800 [downloadlink.as.baidu.com] DEBUG: Crawled (200) <GET http://as.baidu.com/a/rank?cid=502&pn=50&s=1> (referer: http://as.baidu.com/a/rank?cid=502&s=1)
2014-02-22 16:35:59+0800 [downloadlink.as.baidu.com] DEBUG: Crawled (200) <GET http://as.baidu.com/a/rank?cid=400&pn=50&s=1> (referer: http://as.baidu.com/a/rank?cid=400&s=1)
2014-02-22 16:35:59+0800 [downloadlink.as.baidu.com] DEBUG: Crawled (200) <GET http://as.baidu.com/a/rank?cid=101&pn=49&s=1> (referer: http://as.baidu.com/a/rank?cid=101&s=1)
2014-02-22 16:35:59+0800 [downloadlink.as.baidu.com] DEBUG: Crawled (200) <GET http://as.baidu.com/a/rank?cid=501&pn=49&s=1> (referer: http://as.baidu.com/a/rank?cid=501&s=1)
2014-02-22 16:35:59+0800 [downloadlink.as.baidu.com] DEBUG: Crawled (200) <GET http://as.baidu.com/a/rank?cid=408&pn=40&s=1> (referer: http://as.baidu.com/a/rank?cid=408&s=1)
2014-02-22 16:35:59+0800 [downloadlink.as.baidu.com] DEBUG: Crawled (200) <GET http://as.baidu.com/a/item?docid=5490023&f=rank_3000_39&pos=rank_3000_39&pre=web_am_rank> (referer: http://as.baidu.com/a/rank?cid=407&s=1)
2014-02-22 16:35:59+0800 [downloadlink.as.baidu.com] DEBUG: Crawled (200) <GET http://as.baidu.com/a/rank?cid=407&pn=50&s=1> (referer: http://as.baidu.com/a/rank?cid=407&s=1)
2014-02-22 16:35:59+0800 [downloadlink.as.baidu.com] DEBUG: Crawled (200) <GET http://as.baidu.com/a/rank?cid=503&pn=49&s=1> (referer: http://as.baidu.com/a/rank?cid=503&s=1)
2014-02-22 16:35:59+0800 [downloadlink.as.baidu.com] DEBUG: Crawled (200) <GET http://as.baidu.com/a/rank?cid=406&pn=50&s=1> (referer: http://as.baidu.com/a/rank?cid=406&s=1)
2014-02-22 16:35:59+0800 [downloadlink.as.baidu.com] DEBUG: Crawled (200) <GET http://as.baidu.com/a/item?docid=2349193302&f=rank_3000_37&pos=rank_3000_37&pre=web_am_rank> (referer: http://as.baidu.com/a/rank?cid=508&pn=48&s=1)
2014-02-22 16:35:59+0800 [downloadlink.as.baidu.com] DEBUG: Crawled (200) <GET http://as.baidu.com/a/item?docid=5052774&f=rank_3000_39&pos=rank_3000_39&pre=web_am_rank> (referer: http://as.baidu.com/a/rank?cid=500&pn=50&s=1)
2014-02-22 16:35:59+0800 [downloadlink.as.baidu.com] DEBUG: Crawled (200) <GET http://as.baidu.com/a/item?docid=5681503&f=rank_3000_0&pos=rank_3000_0&pre=web_am_rank> (referer: http://as.baidu.com/a/rank?cid=509&pn=18&s=1)
2014-02-22 16:36:00+0800 [downloadlink.as.baidu.com] DEBUG: Crawled (200) <GET http://as.baidu.com/a/rank?cid=507&pn=47&s=1> (referer: http://as.baidu.com/a/rank?cid=507&pn=49&s=1)
2014-02-22 16:36:00+0800 [downloadlink.as.baidu.com] DEBUG: Crawled (200) <GET http://as.baidu.com/a/rank?cid=507&pn=45&s=1> (referer: http://as.baidu.com/a/rank?cid=507&pn=49&s=1)
2014-02-22 16:36:00+0800 [downloadlink.as.baidu.com] DEBUG: Crawled (200) <GET http://as.baidu.com/a/rank?cid=505&pn=47&s=1> (referer: http://as.baidu.com/a/rank?cid=505&pn=49&s=1)
2014-02-22 16:36:00+0800 [downloadlink.as.baidu.com] DEBUG: Crawled (200) <GET http://as.baidu.com/a/item?docid=2208661&f=rank_3000_39&pos=rank_3000_39&pre=web_am_rank> (referer: http://as.baidu.com/a/rank?cid=400&pn=50&s=1)
2014-02-22 16:36:00+0800 [downloadlink.as.baidu.com] DEBUG: Crawled (200) <GET http://as.baidu.com/a/rank?cid=502&pn=48&s=1> (referer: http://as.baidu.com/a/rank?cid=502&pn=50&s=1)
2014-02-22 16:36:00+0800 [downloadlink.as.baidu.com] DEBUG: Crawled (200) <GET http://as.baidu.com/a/item?docid=5847423&f=rank_3000_37&pos=rank_3000_37&pre=web_am_rank> (referer: http://as.baidu.com/a/rank?cid=505&pn=49&s=1)
2014-02-22 16:36:00+0800 [downloadlink.as.baidu.com] DEBUG: Crawled (200) <GET http://as.baidu.com/a/rank?cid=506&pn=48&s=1> (referer: http://as.baidu.com/a/rank?cid=506&pn=50&s=1)
2014-02-22 16:36:00+0800 [downloadlink.as.baidu.com] DEBUG: Crawled (200) <GET http://as.baidu.com/a/rank?cid=400&pn=48&s=1> (referer: http://as.baidu.com/a/rank?cid=400&pn=50&s=1)
2014-02-22 16:36:00+0800 [downloadlink.as.baidu.com] DEBUG: Crawled (200) <GET http://as.baidu.com/a/item?docid=250337&f=rank_3000_0&pos=rank_3000_0&pre=web_am_rank> (referer: http://as.baidu.com/a/rank?cid=501&pn=49&s=1)
2014-02-22 16:36:00+0800 [downloadlink.as.baidu.com] DEBUG: Crawled (200) <GET http://as.baidu.com/a/item?docid=1391636&f=rank_3000_38&pos=rank_3000_38&pre=web_am_rank> (referer: http://as.baidu.com/a/rank?cid=101&pn=49&s=1)
2014-02-22 16:36:00+0800 [downloadlink.as.baidu.com] DEBUG: Crawled (200) <GET http://as.baidu.com/a/item?docid=1535632&f=rank_3000_0&pos=rank_3000_0&pre=web_am_rank> (referer: http://as.baidu.com/a/rank?cid=408&pn=40&s=1)
2014-02-22 16:36:01+0800 [downloadlink.as.baidu.com] DEBUG: Crawled (200) <GET http://as.baidu.com/a/item?docid=1326182&f=rank_3000_37&pos=rank_3000_37&pre=web_am_rank> (referer: http://as.baidu.com/a/rank?cid=408&pn=40&s=1)
2014-02-22 16:36:01+0800 [downloadlink.as.baidu.com] DEBUG: Crawled (200) <GET http://as.baidu.com/a/item?docid=3277628&f=rank_3000_37&pos=rank_3000_37&pre=web_am_rank> (referer: http://as.baidu.com/a/rank?cid=406&pn=50&s=1)
2014-02-22 16:36:01+0800 [downloadlink.as.baidu.com] DEBUG: Crawled (200) <GET http://as.baidu.com/a/item?docid=2991752&f=rank_3000_36&pos=rank_3000_36&pre=web_am_rank> (referer: http://as.baidu.com/a/rank?cid=406&pn=50&s=1)
2014-02-22 16:36:01+0800 [downloadlink.as.baidu.com] DEBUG: Crawled (200) <GET http://as.baidu.com/a/item?docid=5319587&f=rank_3000_38&pos=rank_3000_38&pre=web_am_rank> (referer: http://as.baidu.com/a/rank?cid=507&pn=47&s=1)
2014-02-22 16:36:01+0800 [downloadlink.as.baidu.com] DEBUG: Crawled (200) <GET http://as.baidu.com/a/rank?cid=406&pn=48&s=1> (referer: http://as.baidu.com/a/rank?cid=406&pn=50&s=1)
2014-02-22 16:36:01+0800 [downloadlink.as.baidu.com] DEBUG: Crawled (200) <GET http://as.baidu.com/a/rank?cid=406&pn=46&s=1> (referer: http://as.baidu.com/a/rank?cid=406&pn=50&s=1)
2014-02-22 16:36:01+0800 [downloadlink.as.baidu.com] DEBUG: Crawled (200) <GET http://as.baidu.com/a/rank?cid=501&pn=47&s=1> (referer: http://as.baidu.com/a/rank?cid=501&pn=49&s=1)
2014-02-22 16:36:01+0800 [downloadlink.as.baidu.com] DEBUG: Crawled (200) <GET http://as.baidu.com/a/rank?cid=507&pn=43&s=1> (referer: http://as.baidu.com/a/rank?cid=507&pn=45&s=1)
2014-02-22 16:36:01+0800 [downloadlink.as.baidu.com] DEBUG: Crawled (200) <GET http://as.baidu.com/a/item?docid=963832&f=rank_3000_38&pos=rank_3000_38&pre=web_am_rank> (referer: http://as.baidu.com/a/rank?cid=505&pn=47&s=1)
2014-02-22 16:36:01+0800 [downloadlink.as.baidu.com] DEBUG: Crawled (200) <GET http://as.baidu.com/a/item?docid=1062285&f=rank_3000_37&pos=rank_3000_37&pre=web_am_rank> (referer: http://as.baidu.com/a/rank?cid=505&pn=47&s=1)
2014-02-22 16:36:01+0800 [downloadlink.as.baidu.com] DEBUG: Crawled (200) <GET http://as.baidu.com/a/item?docid=2813384&f=rank_3000_39&pos=rank_3000_39&pre=web_am_rank> (referer: http://as.baidu.com/a/rank?cid=505&pn=47&s=1)
2014-02-22 16:36:01+0800 [downloadlink.as.baidu.com] DEBUG: Crawled (200) <GET http://as.baidu.com/a/item?docid=4986696&f=rank_3000_0&pos=rank_3000_0&pre=web_am_rank> (referer: http://as.baidu.com/a/rank?cid=400&pn=48&s=1)
2014-02-22 16:36:02+0800 [downloadlink.as.baidu.com] DEBUG: Crawled (200) <GET http://as.baidu.com/a/item?docid=1961220645&f=rank_3000_39&pos=rank_3000_39&pre=web_am_rank> (referer: http://as.baidu.com/a/rank?cid=506&pn=48&s=1)
2014-02-22 16:36:02+0800 [downloadlink.as.baidu.com] DEBUG: Crawled (200) <GET http://as.baidu.com/a/item?docid=4623770&f=rank_3000_39&pos=rank_3000_39&pre=web_am_rank> (referer: http://as.baidu.com/a/rank?cid=400&pn=48&s=1)
2014-02-22 16:36:02+0800 [downloadlink.as.baidu.com] DEBUG: Crawled (200) <GET http://as.baidu.com/a/item?docid=5205568&f=rank_3000_36&pos=rank_3000_36&pre=web_am_rank> (referer: http://as.baidu.com/a/rank?cid=505&pn=47&s=1)
2014-02-22 16:36:02+0800 [downloadlink.as.baidu.com] DEBUG: Crawled (200) <GET http://as.baidu.com/a/item?docid=5782069&f=rank_3000_38&pos=rank_3000_38&pre=web_am_rank> (referer: http://as.baidu.com/a/rank?cid=400&pn=48&s=1)
2014-02-22 16:36:02+0800 [downloadlink.as.baidu.com] DEBUG: Crawled (200) <GET http://as.baidu.com/a/item?docid=5660133&f=rank_3000_36&pos=rank_3000_36&pre=web_am_rank> (referer: http://as.baidu.com/a/rank?cid=400&pn=48&s=1)
2014-02-22 16:36:02+0800 [downloadlink.as.baidu.com] DEBUG: Crawled (200) <GET http://as.baidu.com/a/item?docid=4094766&f=rank_3000_37&pos=rank_3000_37&pre=web_am_rank> (referer: http://as.baidu.com/a/rank?cid=400&pn=48&s=1)
2014-02-22 16:36:02+0800 [downloadlink.as.baidu.com] DEBUG: Crawled (200) <GET http://as.baidu.com/a/item?docid=4918443&f=rank_3000_35&pos=rank_3000_35&pre=web_am_rank> (referer: http://as.baidu.com/a/rank?cid=400&pn=48&s=1)
2014-02-22 16:36:02+0800 [downloadlink.as.baidu.com] DEBUG: Crawled (200) <GET http://as.baidu.com/a/item?docid=3729651&f=rank_3000_34&pos=rank_3000_34&pre=web_am_rank> (referer: http://as.baidu.com/a/rank?cid=400&pn=48&s=1)
2014-02-22 16:36:02+0800 [downloadlink.as.baidu.com] DEBUG: Crawled (200) <GET http://as.baidu.com/a/item?docid=1499101&f=rank_3000_37&pos=rank_3000_37&pre=web_am_rank> (referer: http://as.baidu.com/a/rank?cid=406&pn=46&s=1)
2014-02-22 16:36:02+0800 [downloadlink.as.baidu.com] DEBUG: Crawled (200) <GET http://as.baidu.com/a/item?docid=5114255&f=rank_3000_33&pos=rank_3000_33&pre=web_am_rank> (referer: http://as.baidu.com/a/rank?cid=400&pn=48&s=1)
2014-02-22 16:36:02+0800 [downloadlink.as.baidu.com] DEBUG: Crawled (200) <GET http://as.baidu.com/a/item?docid=5790718&f=rank_3000_32&pos=rank_3000_32&pre=web_am_rank> (referer: http://as.baidu.com/a/rank?cid=400&pn=48&s=1)
2014-02-22 16:36:02+0800 [downloadlink.as.baidu.com] DEBUG: Crawled (200) <GET http://as.baidu.com/a/item?docid=4948552&f=rank_3000_39&pos=rank_3000_39&pre=web_am_rank> (referer: http://as.baidu.com/a/rank?cid=507&pn=43&s=1)
2014-02-22 16:36:02+0800 [downloadlink.as.baidu.com] DEBUG: Crawled (200) <GET http://as.baidu.com/a/item?docid=5537314&f=rank_3000_38&pos=rank_3000_38&pre=web_am_rank> (referer: http://as.baidu.com/a/rank?cid=507&pn=43&s=1)
2014-02-22 16:36:02+0800 [downloadlink.as.baidu.com] DEBUG: Crawled (200) <GET http://as.baidu.com/a/item?docid=5154857&f=rank_3000_38&pos=rank_3000_38&pre=web_am_rank> (referer: http://as.baidu.com/a/rank?cid=501&pn=47&s=1)
2014-02-22 16:36:02+0800 [downloadlink.as.baidu.com] DEBUG: Crawled (200) <GET http://as.baidu.com/a/rank?cid=507&pn=40&s=1> (referer: http://as.baidu.com/a/rank?cid=507&pn=43&s=1)
2014-02-22 16:36:03+0800 [downloadlink.as.baidu.com] DEBUG: Crawled (200) <GET http://as.baidu.com/a/rank?cid=507&pn=41&s=1> (referer: http://as.baidu.com/a/rank?cid=507&pn=43&s=1)
2014-02-22 16:36:03+0800 [downloadlink.as.baidu.com] DEBUG: Crawled (200) <GET http://as.baidu.com/a/item?docid=3107921&f=rank_3000_34&pos=rank_3000_34&pre=web_am_rank> (referer: http://as.baidu.com/a/rank?cid=507&pn=43&s=1)
2014-02-22 16:36:03+0800 [downloadlink.as.baidu.com] DEBUG: Crawled (200) <GET http://as.baidu.com/a/item?docid=504772&f=rank_3000_32&pos=rank_3000_32&pre=web_am_rank> (referer: http://as.baidu.com/a/rank?cid=507&pn=43&s=1)
2014-02-22 16:36:03+0800 [downloadlink.as.baidu.com] DEBUG: Crawled (200) <GET http://as.baidu.com/a/item?docid=4865333&f=rank_3000_37&pos=rank_3000_37&pre=web_am_rank> (referer: http://as.baidu.com/a/rank?cid=507&pn=43&s=1)
2014-02-22 16:36:03+0800 [downloadlink.as.baidu.com] DEBUG: Crawled (200) <GET http://as.baidu.com/a/item?docid=1058526&f=rank_3000_31&pos=rank_3000_31&pre=web_am_rank> (referer: http://as.baidu.com/a/rank?cid=507&pn=43&s=1)
2014-02-22 16:36:03+0800 [downloadlink.as.baidu.com] DEBUG: Crawled (200) <GET http://as.baidu.com/a/item?docid=496957&f=rank_3000_33&pos=rank_3000_33&pre=web_am_rank> (referer: http://as.baidu.com/a/rank?cid=507&pn=43&s=1)
2014-02-22 16:36:03+0800 [downloadlink.as.baidu.com] DEBUG: Crawled (200) <GET http://as.baidu.com/a/item?docid=1824751&f=rank_3000_30&pos=rank_3000_30&pre=web_am_rank> (referer: http://as.baidu.com/a/rank?cid=507&pn=43&s=1)
2014-02-22 16:36:03+0800 [downloadlink.as.baidu.com] DEBUG: Crawled (200) <GET http://as.baidu.com/a/item?docid=5647192&f=rank_3000_36&pos=rank_3000_36&pre=web_am_rank> (referer: http://as.baidu.com/a/rank?cid=507&pn=43&s=1)
2014-02-22 16:36:03+0800 [downloadlink.as.baidu.com] DEBUG: Crawled (200) <GET http://as.baidu.com/a/item?docid=4916559&f=rank_3000_35&pos=rank_3000_35&pre=web_am_rank> (referer: http://as.baidu.com/a/rank?cid=507&pn=43&s=1)
2014-02-22 16:36:03+0800 [downloadlink.as.baidu.com] DEBUG: Crawled (200) <GET http://as.baidu.com/a/item?docid=5448878&f=rank_3000_28&pos=rank_3000_28&pre=web_am_rank> (referer: http://as.baidu.com/a/rank?cid=507&pn=43&s=1)
2014-02-22 16:36:03+0800 [downloadlink.as.baidu.com] DEBUG: Crawled (200) <GET http://as.baidu.com/a/item?docid=5813743&f=rank_3000_29&pos=rank_3000_29&pre=web_am_rank> (referer: http://as.baidu.com/a/rank?cid=507&pn=43&s=1)
2014-02-22 16:36:04+0800 [downloadlink.as.baidu.com] DEBUG: Crawled (200) <GET http://as.baidu.com/a/item?docid=4492208&f=rank_3000_25&pos=rank_3000_25&pre=web_am_rank> (referer: http://as.baidu.com/a/rank?cid=507&pn=43&s=1)
2014-02-22 16:36:04+0800 [downloadlink.as.baidu.com] DEBUG: Crawled (200) <GET http://as.baidu.com/a/item?docid=1841840&f=rank_3000_26&pos=rank_3000_26&pre=web_am_rank> (referer: http://as.baidu.com/a/rank?cid=507&pn=43&s=1)
2014-02-22 16:36:04+0800 [downloadlink.as.baidu.com] DEBUG: Crawled (200) <GET http://as.baidu.com/a/item?docid=481371&f=rank_3000_24&pos=rank_3000_24&pre=web_am_rank> (referer: http://as.baidu.com/a/rank?cid=507&pn=43&s=1)
2014-02-22 16:36:04+0800 [downloadlink.as.baidu.com] DEBUG: Crawled (200) <GET http://as.baidu.com/a/item?docid=2158006&f=rank_3000_27&pos=rank_3000_27&pre=web_am_rank> (referer: http://as.baidu.com/a/rank?cid=507&pn=43&s=1)
2014-02-22 16:36:04+0800 [downloadlink.as.baidu.com] DEBUG: Crawled (200) <GET http://as.baidu.com/a/item?docid=4150990&f=rank_3000_38&pos=rank_3000_38&pre=web_am_rank> (referer: http://as.baidu.com/a/rank?cid=507&pn=40&s=1)
2014-02-22 16:36:04+0800 [downloadlink.as.baidu.com] DEBUG: Crawled (200) <GET http://as.baidu.com/a/item?docid=1825710&f=rank_3000_23&pos=rank_3000_23&pre=web_am_rank> (referer: http://as.baidu.com/a/rank?cid=507&pn=43&s=1)
2014-02-22 16:36:04+0800 [downloadlink.as.baidu.com] DEBUG: Crawled (200) <GET http://as.baidu.com/a/item?docid=4727596&f=rank_3000_38&pos=rank_3000_38&pre=web_am_rank> (referer: http://as.baidu.com/a/rank?cid=507&pn=41&s=1)
2014-02-22 16:36:04+0800 [downloadlink.as.baidu.com] DEBUG: Crawled (200) <GET http://as.baidu.com/a/item?docid=5609575&f=rank_3000_39&pos=rank_3000_39&pre=web_am_rank> (referer: http://as.baidu.com/a/rank?cid=507&pn=41&s=1)
2014-02-22 16:36:04+0800 [downloadlink.as.baidu.com] DEBUG: Crawled (200) <GET http://as.baidu.com/a/item?docid=2438859&f=rank_3000_37&pos=rank_3000_37&pre=web_am_rank> (referer: http://as.baidu.com/a/rank?cid=507&pn=41&s=1)
2014-02-22 16:36:04+0800 [downloadlink.as.baidu.com] DEBUG: Crawled (200) <GET http://as.baidu.com/a/item?docid=1993861&f=rank_3000_35&pos=rank_3000_35&pre=web_am_rank> (referer: http://as.baidu.com/a/rank?cid=507&pn=41&s=1)
2014-02-22 16:36:04+0800 [downloadlink.as.baidu.com] DEBUG: Crawled (200) <GET http://as.baidu.com/a/item?docid=1420051&f=rank_3000_36&pos=rank_3000_36&pre=web_am_rank> (referer: http://as.baidu.com/a/rank?cid=507&pn=41&s=1)
2014-02-22 16:36:04+0800 [downloadlink.as.baidu.com] DEBUG: Crawled (200) <GET http://as.baidu.com/a/item?docid=2851903&f=rank_3000_32&pos=rank_3000_32&pre=web_am_rank> (referer: http://as.baidu.com/a/rank?cid=507&pn=41&s=1)
2014-02-22 16:36:05+0800 [downloadlink.as.baidu.com] DEBUG: Crawled (200) <GET http://as.baidu.com/a/item?docid=5773262&f=rank_3000_31&pos=rank_3000_31&pre=web_am_rank> (referer: http://as.baidu.com/a/rank?cid=507&pn=41&s=1)
2014-02-22 16:36:05+0800 [downloadlink.as.baidu.com] DEBUG: Crawled (200) <GET http://as.baidu.com/a/item?docid=5444296&f=rank_3000_34&pos=rank_3000_34&pre=web_am_rank> (referer: http://as.baidu.com/a/rank?cid=507&pn=41&s=1)
2014-02-22 16:36:05+0800 [downloadlink.as.baidu.com] DEBUG: Crawled (200) <GET http://as.baidu.com/a/item?docid=4325878&f=rank_3000_33&pos=rank_3000_33&pre=web_am_rank> (referer: http://as.baidu.com/a/rank?cid=507&pn=41&s=1)
2014-02-22 16:36:05+0800 [downloadlink.as.baidu.com] DEBUG: Crawled (200) <GET http://as.baidu.com/a/item?docid=2231533&f=rank_3000_30&pos=rank_3000_30&pre=web_am_rank> (referer: http://as.baidu.com/a/rank?cid=507&pn=41&s=1)
2014-02-22 16:36:05+0800 [downloadlink.as.baidu.com] DEBUG: Crawled (200) <GET http://as.baidu.com/a/item?docid=4328639&f=rank_3000_28&pos=rank_3000_28&pre=web_am_rank> (referer: http://as.baidu.com/a/rank?cid=507&pn=41&s=1)
2014-02-22 16:36:05+0800 [downloadlink.as.baidu.com] DEBUG: Crawled (200) <GET http://as.baidu.com/a/item?docid=5199506&f=rank_3000_29&pos=rank_3000_29&pre=web_am_rank> (referer: http://as.baidu.com/a/rank?cid=507&pn=41&s=1)
2014-02-22 16:36:05+0800 [downloadlink.as.baidu.com] DEBUG: Crawled (200) <GET http://as.baidu.com/a/item?docid=3767175&f=rank_3000_27&pos=rank_3000_27&pre=web_am_rank> (referer: http://as.baidu.com/a/rank?cid=507&pn=41&s=1)
2014-02-22 16:36:05+0800 [downloadlink.as.baidu.com] DEBUG: Crawled (200) <GET http://as.baidu.com/a/item?docid=130656&f=rank_3000_24&pos=rank_3000_24&pre=web_am_rank> (referer: http://as.baidu.com/a/rank?cid=507&pn=41&s=1)
2014-02-22 16:36:05+0800 [downloadlink.as.baidu.com] DEBUG: Crawled (200) <GET http://as.baidu.com/a/item?docid=4565263&f=rank_3000_26&pos=rank_3000_26&pre=web_am_rank> (referer: http://as.baidu.com/a/rank?cid=507&pn=41&s=1)
2014-02-22 16:36:05+0800 [downloadlink.as.baidu.com] DEBUG: Crawled (200) <GET http://as.baidu.com/a/item?docid=1682219&f=rank_3000_25&pos=rank_3000_25&pre=web_am_rank> (referer: http://as.baidu.com/a/rank?cid=507&pn=41&s=1)
2014-02-22 16:36:05+0800 [downloadlink.as.baidu.com] DEBUG: Crawled (200) <GET http://as.baidu.com/a/item?docid=957752&f=rank_3000_23&pos=rank_3000_23&pre=web_am_rank> (referer: http://as.baidu.com/a/rank?cid=507&pn=41&s=1)
2014-02-22 16:36:05+0800 [downloadlink.as.baidu.com] DEBUG: Crawled (200) <GET http://as.baidu.com/a/item?docid=5535938&f=rank_3000_22&pos=rank_3000_22&pre=web_am_rank> (referer: http://as.baidu.com/a/rank?cid=507&pn=41&s=1)
2014-02-22 16:36:05+0800 [downloadlink.as.baidu.com] DEBUG: Crawled (200) <GET http://as.baidu.com/a/item?docid=1327820&f=rank_3000_21&pos=rank_3000_21&pre=web_am_rank> (referer: http://as.baidu.com/a/rank?cid=507&pn=41&s=1)
2014-02-22 16:36:05+0800 [downloadlink.as.baidu.com] DEBUG: Crawled (200) <GET http://as.baidu.com/a/item?docid=1878079&f=rank_3000_19&pos=rank_3000_19&pre=web_am_rank> (referer: http://as.baidu.com/a/rank?cid=507&pn=41&s=1)
2014-02-22 16:36:05+0800 [downloadlink.as.baidu.com] DEBUG: Crawled (200) <GET http://as.baidu.com/a/item?docid=2315436828&f=rank_3000_20&pos=rank_3000_20&pre=web_am_rank> (referer: http://as.baidu.com/a/rank?cid=507&pn=41&s=1)
2014-02-22 16:36:05+0800 [downloadlink.as.baidu.com] DEBUG: Crawled (200) <GET http://as.baidu.com/a/item?docid=3087462&f=rank_3000_18&pos=rank_3000_18&pre=web_am_rank> (referer: http://as.baidu.com/a/rank?cid=507&pn=41&s=1)
2014-02-22 16:36:06+0800 [downloadlink.as.baidu.com] DEBUG: Crawled (200) <GET http://as.baidu.com/a/item?docid=1147183&f=rank_3000_17&pos=rank_3000_17&pre=web_am_rank> (referer: http://as.baidu.com/a/rank?cid=507&pn=41&s=1)
2014-02-22 16:36:06+0800 [downloadlink.as.baidu.com] DEBUG: Crawled (200) <GET http://as.baidu.com/a/item?docid=489362&f=rank_3000_16&pos=rank_3000_16&pre=web_am_rank> (referer: http://as.baidu.com/a/rank?cid=507&pn=41&s=1)
2014-02-22 16:36:06+0800 [downloadlink.as.baidu.com] DEBUG: Crawled (200) <GET http://as.baidu.com/a/item?docid=3442068&f=rank_3000_13&pos=rank_3000_13&pre=web_am_rank> (referer: http://as.baidu.com/a/rank?cid=507&pn=41&s=1)
2014-02-22 16:36:06+0800 [downloadlink.as.baidu.com] DEBUG: Crawled (200) <GET http://as.baidu.com/a/item?docid=3589570&f=rank_3000_14&pos=rank_3000_14&pre=web_am_rank> (referer: http://as.baidu.com/a/rank?cid=507&pn=41&s=1)
2014-02-22 16:36:06+0800 [downloadlink.as.baidu.com] DEBUG: Crawled (200) <GET http://as.baidu.com/a/item?docid=546791&f=rank_3000_12&pos=rank_3000_12&pre=web_am_rank> (referer: http://as.baidu.com/a/rank?cid=507&pn=41&s=1)
2014-02-22 16:36:06+0800 [downloadlink.as.baidu.com] DEBUG: Crawled (200) <GET http://as.baidu.com/a/item?docid=1048579957&f=rank_3000_15&pos=rank_3000_15&pre=web_am_rank> (referer: http://as.baidu.com/a/rank?cid=507&pn=41&s=1)
2014-02-22 16:36:06+0800 [downloadlink.as.baidu.com] DEBUG: Crawled (200) <GET http://as.baidu.com/a/item?docid=4669441&f=rank_3000_11&pos=rank_3000_11&pre=web_am_rank> (referer: http://as.baidu.com/a/rank?cid=507&pn=41&s=1)
2014-02-22 16:36:06+0800 [downloadlink.as.baidu.com] DEBUG: Crawled (200) <GET http://as.baidu.com/a/item?docid=1891935716&f=rank_3000_9&pos=rank_3000_9&pre=web_am_rank> (referer: http://as.baidu.com/a/rank?cid=507&pn=41&s=1)
2014-02-22 16:36:06+0800 [downloadlink.as.baidu.com] DEBUG: Crawled (200) <GET http://as.baidu.com/a/item?docid=3700171&f=rank_3000_10&pos=rank_3000_10&pre=web_am_rank> (referer: http://as.baidu.com/a/rank?cid=507&pn=41&s=1)
2014-02-22 16:36:06+0800 [downloadlink.as.baidu.com] DEBUG: Crawled (200) <GET http://as.baidu.com/a/item?docid=2376053&f=rank_3000_8&pos=rank_3000_8&pre=web_am_rank> (referer: http://as.baidu.com/a/rank?cid=507&pn=41&s=1)
2014-02-22 16:36:06+0800 [downloadlink.as.baidu.com] DEBUG: Crawled (200) <GET http://as.baidu.com/a/item?docid=1960062&f=rank_3000_6&pos=rank_3000_6&pre=web_am_rank> (referer: http://as.baidu.com/a/rank?cid=507&pn=41&s=1)
2014-02-22 16:36:06+0800 [downloadlink.as.baidu.com] DEBUG: Crawled (200) <GET http://as.baidu.com/a/item?docid=1825315&f=rank_3000_7&pos=rank_3000_7&pre=web_am_rank> (referer: http://as.baidu.com/a/rank?cid=507&pn=41&s=1)
2014-02-22 16:36:06+0800 [downloadlink.as.baidu.com] DEBUG: Crawled (200) <GET http://as.baidu.com/a/item?docid=1877581&f=rank_3000_5&pos=rank_3000_5&pre=web_am_rank> (referer: http://as.baidu.com/a/rank?cid=507&pn=41&s=1)
2014-02-22 16:36:07+0800 [downloadlink.as.baidu.com] DEBUG: Crawled (200) <GET http://as.baidu.com/a/item?docid=530440&f=rank_3000_2&pos=rank_3000_2&pre=web_am_rank> (referer: http://as.baidu.com/a/rank?cid=507&pn=41&s=1)
2014-02-22 16:36:07+0800 [downloadlink.as.baidu.com] DEBUG: Crawled (200) <GET http://as.baidu.com/a/item?docid=5015838&f=rank_3000_3&pos=rank_3000_3&pre=web_am_rank> (referer: http://as.baidu.com/a/rank?cid=507&pn=41&s=1)
2014-02-22 16:36:07+0800 [downloadlink.as.baidu.com] DEBUG: Crawled (200) <GET http://as.baidu.com/a/item?docid=2809779&f=rank_3000_4&pos=rank_3000_4&pre=web_am_rank> (referer: http://as.baidu.com/a/rank?cid=507&pn=41&s=1)
2014-02-22 16:36:07+0800 [downloadlink.as.baidu.com] DEBUG: Crawled (200) <GET http://as.baidu.com/a/rank?cid=507&pn=38&s=1> (referer: http://as.baidu.com/a/rank?cid=507&pn=40&s=1)
2014-02-22 16:36:07+0800 [downloadlink.as.baidu.com] DEBUG: Crawled (200) <GET http://as.baidu.com/a/item?docid=4923755&f=rank_3000_0&pos=rank_3000_0&pre=web_am_rank> (referer: http://as.baidu.com/a/rank?cid=507&pn=41&s=1)
2014-02-22 16:36:07+0800 [downloadlink.as.baidu.com] DEBUG: Crawled (200) <GET http://as.baidu.com/a/rank?cid=507&pn=39&s=1> (referer: http://as.baidu.com/a/rank?cid=507&pn=40&s=1)
2014-02-22 16:36:07+0800 [downloadlink.as.baidu.com] DEBUG: Crawled (200) <GET http://as.baidu.com/a/item?docid=5774867&f=rank_3000_37&pos=rank_3000_37&pre=web_am_rank> (referer: http://as.baidu.com/a/rank?cid=507&pn=40&s=1)
2014-02-22 16:36:07+0800 [downloadlink.as.baidu.com] DEBUG: Crawled (200) <GET http://as.baidu.com/a/item?docid=1618598&f=rank_3000_1&pos=rank_3000_1&pre=web_am_rank> (referer: http://as.baidu.com/a/rank?cid=507&pn=41&s=1)
2014-02-22 16:36:07+0800 [downloadlink.as.baidu.com] DEBUG: Crawled (200) <GET http://as.baidu.com/a/item?docid=3274741&f=rank_3000_35&pos=rank_3000_35&pre=web_am_rank> (referer: http://as.baidu.com/a/rank?cid=507&pn=40&s=1)
2014-02-22 16:36:07+0800 [downloadlink.as.baidu.com] DEBUG: Crawled (200) <GET http://as.baidu.com/a/item?docid=4923260&f=rank_3000_34&pos=rank_3000_34&pre=web_am_rank> (referer: http://as.baidu.com/a/rank?cid=507&pn=40&s=1)
2014-02-22 16:36:07+0800 [downloadlink.as.baidu.com] DEBUG: Crawled (200) <GET http://as.baidu.com/a/rank?cid=507&pn=37&s=1> (referer: http://as.baidu.com/a/rank?cid=507&pn=40&s=1)
2014-02-22 16:36:07+0800 [downloadlink.as.baidu.com] DEBUG: Crawled (200) <GET http://as.baidu.com/a/item?docid=3830137&f=rank_3000_33&pos=rank_3000_33&pre=web_am_rank> (referer: http://as.baidu.com/a/rank?cid=507&pn=40&s=1)
2014-02-22 16:36:07+0800 [downloadlink.as.baidu.com] DEBUG: Crawled (200) <GET http://as.baidu.com/a/item?docid=519110&f=rank_3000_36&pos=rank_3000_36&pre=web_am_rank> (referer: http://as.baidu.com/a/rank?cid=507&pn=40&s=1)
2014-02-22 16:36:07+0800 [downloadlink.as.baidu.com] DEBUG: Crawled (200) <GET http://as.baidu.com/a/item?docid=1728562&f=rank_3000_31&pos=rank_3000_31&pre=web_am_rank> (referer: http://as.baidu.com/a/rank?cid=507&pn=40&s=1)
2014-02-22 16:36:07+0800 [downloadlink.as.baidu.com] DEBUG: Crawled (200) <GET http://as.baidu.com/a/item?docid=545466&f=rank_3000_32&pos=rank_3000_32&pre=web_am_rank> (referer: http://as.baidu.com/a/rank?cid=507&pn=40&s=1)
2014-02-22 16:36:08+0800 [downloadlink.as.baidu.com] DEBUG: Crawled (200) <GET http://as.baidu.com/a/item?docid=2290552&f=rank_3000_29&pos=rank_3000_29&pre=web_am_rank> (referer: http://as.baidu.com/a/rank?cid=507&pn=40&s=1)
2014-02-22 16:36:08+0800 [downloadlink.as.baidu.com] DEBUG: Crawled (200) <GET http://as.baidu.com/a/item?docid=5811426&f=rank_3000_30&pos=rank_3000_30&pre=web_am_rank> (referer: http://as.baidu.com/a/rank?cid=507&pn=40&s=1)
2014-02-22 16:36:08+0800 [downloadlink.as.baidu.com] DEBUG: Crawled (200) <GET http://as.baidu.com/a/item?docid=2376013&f=rank_3000_27&pos=rank_3000_27&pre=web_am_rank> (referer: http://as.baidu.com/a/rank?cid=507&pn=40&s=1)
2014-02-22 16:36:08+0800 [downloadlink.as.baidu.com] DEBUG: Crawled (200) <GET http://as.baidu.com/a/rank?cid=507&pn=36&s=1> (referer: http://as.baidu.com/a/rank?cid=507&pn=38&s=1)
2014-02-22 16:36:08+0800 [downloadlink.as.baidu.com] DEBUG: Crawled (200) <GET http://as.baidu.com/a/item?docid=2639499&f=rank_3000_37&pos=rank_3000_37&pre=web_am_rank> (referer: http://as.baidu.com/a/rank?cid=507&pn=39&s=1)
2014-02-22 16:36:08+0800 [downloadlink.as.baidu.com] DEBUG: Crawled (200) <GET http://as.baidu.com/a/rank?cid=507&pn=35&s=1> (referer: http://as.baidu.com/a/rank?cid=507&pn=38&s=1)
2014-02-22 16:36:08+0800 [downloadlink.as.baidu.com] DEBUG: Crawled (200) <GET http://as.baidu.com/a/item?docid=2309479&f=rank_3000_28&pos=rank_3000_28&pre=web_am_rank> (referer: http://as.baidu.com/a/rank?cid=507&pn=40&s=1)
2014-02-22 16:36:08+0800 [downloadlink.as.baidu.com] DEBUG: Crawled (200) <GET http://as.baidu.com/a/item?docid=3717287&f=rank_3000_26&pos=rank_3000_26&pre=web_am_rank> (referer: http://as.baidu.com/a/rank?cid=507&pn=40&s=1)
2014-02-22 16:36:08+0800 [downloadlink.as.baidu.com] DEBUG: Crawled (200) <GET http://as.baidu.com/a/item?docid=4657909&f=rank_3000_35&pos=rank_3000_35&pre=web_am_rank> (referer: http://as.baidu.com/a/rank?cid=507&pn=39&s=1)
2014-02-22 16:36:08+0800 [downloadlink.as.baidu.com] DEBUG: Crawled (200) <GET http://as.baidu.com/a/item?docid=3285785&f=rank_3000_36&pos=rank_3000_36&pre=web_am_rank> (referer: http://as.baidu.com/a/rank?cid=507&pn=39&s=1)
2014-02-22 16:36:08+0800 [downloadlink.as.baidu.com] DEBUG: Crawled (200) <GET http://as.baidu.com/a/item?docid=1691504&f=rank_3000_34&pos=rank_3000_34&pre=web_am_rank> (referer: http://as.baidu.com/a/rank?cid=507&pn=39&s=1)
2014-02-22 16:36:08+0800 [downloadlink.as.baidu.com] DEBUG: Crawled (200) <GET http://as.baidu.com/a/item?docid=5516127&f=rank_3000_33&pos=rank_3000_33&pre=web_am_rank> (referer: http://as.baidu.com/a/rank?cid=507&pn=39&s=1)
2014-02-22 16:36:09+0800 [downloadlink.as.baidu.com] DEBUG: Crawled (200) <GET http://as.baidu.com/a/item?docid=175654&f=rank_3000_35&pos=rank_3000_35&pre=web_am_rank> (referer: http://as.baidu.com/a/rank?cid=507&pn=37&s=1)
2014-02-22 16:36:09+0800 [downloadlink.as.baidu.com] DEBUG: Crawled (200) <GET http://as.baidu.com/a/item?docid=7208&f=rank_3000_34&pos=rank_3000_34&pre=web_am_rank> (referer: http://as.baidu.com/a/rank?cid=507&pn=37&s=1)
2014-02-22 16:36:09+0800 [downloadlink.as.baidu.com] DEBUG: Crawled (200) <GET http://as.baidu.com/a/item?docid=5279100&f=rank_3000_30&pos=rank_3000_30&pre=web_am_rank> (referer: http://as.baidu.com/a/rank?cid=507&pn=37&s=1)
2014-02-22 16:36:09+0800 [downloadlink.as.baidu.com] DEBUG: Crawled (200) <GET http://as.baidu.com/a/item?docid=2375821&f=rank_3000_31&pos=rank_3000_31&pre=web_am_rank> (referer: http://as.baidu.com/a/rank?cid=507&pn=37&s=1)
2014-02-22 16:36:09+0800 [downloadlink.as.baidu.com] DEBUG: Crawled (200) <GET http://as.baidu.com/a/rank?cid=507&pn=34&s=1> (referer: http://as.baidu.com/a/rank?cid=507&pn=37&s=1)
2014-02-22 16:36:09+0800 [downloadlink.as.baidu.com] DEBUG: Crawled (200) <GET http://as.baidu.com/a/item?docid=1375803&f=rank_3000_32&pos=rank_3000_32&pre=web_am_rank> (referer: http://as.baidu.com/a/rank?cid=507&pn=37&s=1)
2014-02-22 16:36:09+0800 [downloadlink.as.baidu.com] DEBUG: Crawled (200) <GET http://as.baidu.com/a/item?docid=1945762&f=rank_3000_29&pos=rank_3000_29&pre=web_am_rank> (referer: http://as.baidu.com/a/rank?cid=507&pn=37&s=1)
2014-02-22 16:36:09+0800 [downloadlink.as.baidu.com] DEBUG: Crawled (200) <GET http://as.baidu.com/a/item?docid=5139046&f=rank_3000_33&pos=rank_3000_33&pre=web_am_rank> (referer: http://as.baidu.com/a/rank?cid=507&pn=37&s=1)
2014-02-22 16:36:09+0800 [downloadlink.as.baidu.com] DEBUG: Crawled (200) <GET http://as.baidu.com/a/item?docid=2716140&f=rank_3000_37&pos=rank_3000_37&pre=web_am_rank> (referer: http://as.baidu.com/a/rank?cid=507&pn=36&s=1)
2014-02-22 16:36:09+0800 [downloadlink.as.baidu.com] DEBUG: Crawled (200) <GET http://as.baidu.com/a/rank?cid=507&pn=33&s=1> (referer: http://as.baidu.com/a/rank?cid=507&pn=36&s=1)
2014-02-22 16:36:09+0800 [downloadlink.as.baidu.com] DEBUG: Crawled (200) <GET http://as.baidu.com/a/item?docid=5592109&f=rank_3000_38&pos=rank_3000_38&pre=web_am_rank> (referer: http://as.baidu.com/a/rank?cid=507&pn=35&s=1)
2014-02-22 16:36:10+0800 [downloadlink.as.baidu.com] DEBUG: Crawled (200) <GET http://as.baidu.com/a/item?docid=2138039&f=rank_3000_37&pos=rank_3000_37&pre=web_am_rank> (referer: http://as.baidu.com/a/rank?cid=507&pn=35&s=1)
2014-02-22 16:36:10+0800 [downloadlink.as.baidu.com] DEBUG: Crawled (200) <GET http://as.baidu.com/a/item?docid=2506016326&f=rank_3000_35&pos=rank_3000_35&pre=web_am_rank> (referer: http://as.baidu.com/a/rank?cid=507&pn=35&s=1)
2014-02-22 16:36:10+0800 [downloadlink.as.baidu.com] DEBUG: Crawled (200) <GET http://as.baidu.com/a/item?docid=5537300&f=rank_3000_36&pos=rank_3000_36&pre=web_am_rank> (referer: http://as.baidu.com/a/rank?cid=507&pn=35&s=1)
2014-02-22 16:36:10+0800 [downloadlink.as.baidu.com] DEBUG: Crawled (200) <GET http://as.baidu.com/a/item?docid=619490630&f=rank_3000_33&pos=rank_3000_33&pre=web_am_rank> (referer: http://as.baidu.com/a/rank?cid=507&pn=35&s=1)
2014-02-22 16:36:10+0800 [downloadlink.as.baidu.com] DEBUG: Crawled (200) <GET http://as.baidu.com/a/rank?cid=507&pn=32&s=1> (referer: http://as.baidu.com/a/rank?cid=507&pn=35&s=1)
2014-02-22 16:36:10+0800 [downloadlink.as.baidu.com] DEBUG: Crawled (200) <GET http://as.baidu.com/a/item?docid=2360699&f=rank_3000_32&pos=rank_3000_32&pre=web_am_rank> (referer: http://as.baidu.com/a/rank?cid=507&pn=35&s=1)
2014-02-22 16:36:10+0800 [downloadlink.as.baidu.com] DEBUG: Crawled (200) <GET http://as.baidu.com/a/item?docid=5624509&f=rank_3000_34&pos=rank_3000_34&pre=web_am_rank> (referer: http://as.baidu.com/a/rank?cid=507&pn=35&s=1)
2014-02-22 16:36:10+0800 [downloadlink.as.baidu.com] DEBUG: Crawled (200) <GET http://as.baidu.com/a/item?docid=3881905&f=rank_3000_31&pos=rank_3000_31&pre=web_am_rank> (referer: http://as.baidu.com/a/rank?cid=507&pn=35&s=1)
2014-02-22 16:36:10+0800 [downloadlink.as.baidu.com] DEBUG: Crawled (200) <GET http://as.baidu.com/a/item?docid=4937185&f=rank_3000_30&pos=rank_3000_30&pre=web_am_rank> (referer: http://as.baidu.com/a/rank?cid=507&pn=35&s=1)
2014-02-22 16:36:10+0800 [downloadlink.as.baidu.com] DEBUG: Crawled (200) <GET http://as.baidu.com/a/item?docid=1537250&f=rank_3000_0&pos=rank_3000_0&pre=web_am_rank> (referer: http://as.baidu.com/a/rank?cid=507&pn=34&s=1)
2014-02-22 16:36:10+0800 [downloadlink.as.baidu.com] DEBUG: Crawled (200) <GET http://as.baidu.com/a/item?docid=676655622&f=rank_3000_30&pos=rank_3000_30&pre=web_am_rank> (referer: http://as.baidu.com/a/rank?cid=507&pn=34&s=1)
2014-02-22 16:36:10+0800 [downloadlink.as.baidu.com] DEBUG: Crawled (200) <GET http://as.baidu.com/a/item?docid=5629104&f=rank_3000_29&pos=rank_3000_29&pre=web_am_rank> (referer: http://as.baidu.com/a/rank?cid=507&pn=35&s=1)
2014-02-22 16:36:10+0800 [downloadlink.as.baidu.com] DEBUG: Crawled (200) <GET http://as.baidu.com/a/item?docid=1008442&f=rank_3000_29&pos=rank_3000_29&pre=web_am_rank> (referer: http://as.baidu.com/a/rank?cid=507&pn=34&s=1)
2014-02-22 16:36:10+0800 [downloadlink.as.baidu.com] DEBUG: Crawled (200) <GET http://as.baidu.com/a/item?docid=2354847&f=rank_3000_38&pos=rank_3000_38&pre=web_am_rank> (referer: http://as.baidu.com/a/rank?cid=507&pn=34&s=1)
2014-02-22 16:36:10+0800 [downloadlink.as.baidu.com] DEBUG: Crawled (200) <GET http://as.baidu.com/a/rank?cid=507&pn=31&s=1> (referer: http://as.baidu.com/a/rank?cid=507&pn=34&s=1)
2014-02-22 16:36:11+0800 [downloadlink.as.baidu.com] DEBUG: Crawled (200) <GET http://as.baidu.com/a/rank?cid=507&pn=30&s=1> (referer: http://as.baidu.com/a/rank?cid=507&pn=33&s=1)
2014-02-22 16:36:11+0800 [downloadlink.as.baidu.com] DEBUG: Crawled (200) <GET http://as.baidu.com/a/item?docid=55526&f=rank_3000_39&pos=rank_3000_39&pre=web_am_rank> (referer: http://as.baidu.com/a/rank?cid=507&pn=33&s=1)
2014-02-22 16:36:11+0800 [downloadlink.as.baidu.com] DEBUG: Crawled (200) <GET http://as.baidu.com/a/item?docid=5078856&f=rank_3000_38&pos=rank_3000_38&pre=web_am_rank> (referer: http://as.baidu.com/a/rank?cid=507&pn=33&s=1)
2014-02-22 16:36:11+0800 [downloadlink.as.baidu.com] DEBUG: Crawled (200) <GET http://as.baidu.com/a/item?docid=811703&f=rank_3000_36&pos=rank_3000_36&pre=web_am_rank> (referer: http://as.baidu.com/a/rank?cid=507&pn=33&s=1)
2014-02-22 16:36:11+0800 [downloadlink.as.baidu.com] DEBUG: Crawled (200) <GET http://as.baidu.com/a/item?docid=4927151&f=rank_3000_35&pos=rank_3000_35&pre=web_am_rank> (referer: http://as.baidu.com/a/rank?cid=507&pn=33&s=1)
2014-02-22 16:36:11+0800 [downloadlink.as.baidu.com] DEBUG: Crawled (200) <GET http://as.baidu.com/a/item?docid=4899631&f=rank_3000_37&pos=rank_3000_37&pre=web_am_rank> (referer: http://as.baidu.com/a/rank?cid=507&pn=33&s=1)
2014-02-22 16:36:11+0800 [downloadlink.as.baidu.com] DEBUG: Crawled (200) <GET http://as.baidu.com/a/rank?cid=507&pn=29&s=1> (referer: http://as.baidu.com/a/rank?cid=507&pn=32&s=1)
2014-02-22 16:36:11+0800 [downloadlink.as.baidu.com] DEBUG: Crawled (200) <GET http://as.baidu.com/a/item?docid=1008874&f=rank_3000_37&pos=rank_3000_37&pre=web_am_rank> (referer: http://as.baidu.com/a/rank?cid=507&pn=32&s=1)
2014-02-22 16:36:11+0800 [downloadlink.as.baidu.com] DEBUG: Crawled (200) <GET http://as.baidu.com/a/item?docid=3167240&f=rank_3000_35&pos=rank_3000_35&pre=web_am_rank> (referer: http://as.baidu.com/a/rank?cid=507&pn=32&s=1)
2014-02-22 16:36:11+0800 [downloadlink.as.baidu.com] DEBUG: Crawled (200) <GET http://as.baidu.com/a/item?docid=4573611&f=rank_3000_36&pos=rank_3000_36&pre=web_am_rank> (referer: http://as.baidu.com/a/rank?cid=507&pn=32&s=1)
2014-02-22 16:36:11+0800 [downloadlink.as.baidu.com] DEBUG: Crawled (200) <GET http://as.baidu.com/a/item?docid=3032070&f=rank_3000_34&pos=rank_3000_34&pre=web_am_rank> (referer: http://as.baidu.com/a/rank?cid=507&pn=32&s=1)
2014-02-22 16:36:11+0800 [downloadlink.as.baidu.com] DEBUG: Crawled (200) <GET http://as.baidu.com/a/item?docid=4514861&f=rank_3000_32&pos=rank_3000_32&pre=web_am_rank> (referer: http://as.baidu.com/a/rank?cid=507&pn=32&s=1)
2014-02-22 16:36:11+0800 [downloadlink.as.baidu.com] DEBUG: Crawled (200) <GET http://as.baidu.com/a/item?docid=4934206&f=rank_3000_33&pos=rank_3000_33&pre=web_am_rank> (referer: http://as.baidu.com/a/rank?cid=507&pn=32&s=1)
2014-02-22 16:36:12+0800 [downloadlink.as.baidu.com] DEBUG: Crawled (200) <GET http://as.baidu.com/a/item?docid=5713333&f=rank_3000_30&pos=rank_3000_30&pre=web_am_rank> (referer: http://as.baidu.com/a/rank?cid=507&pn=32&s=1)
2014-02-22 16:36:12+0800 [downloadlink.as.baidu.com] DEBUG: Crawled (200) <GET http://as.baidu.com/a/item?docid=5667516&f=rank_3000_14&pos=rank_3000_14&pre=web_am_rank> (referer: http://as.baidu.com/a/rank?cid=507&pn=30&s=1)
2014-02-22 16:36:12+0800 [downloadlink.as.baidu.com] DEBUG: Crawled (200) <GET http://as.baidu.com/a/item?docid=5435610&f=rank_3000_31&pos=rank_3000_31&pre=web_am_rank> (referer: http://as.baidu.com/a/rank?cid=507&pn=32&s=1)
2014-02-22 16:36:12+0800 [downloadlink.as.baidu.com] DEBUG: Crawled (200) <GET http://as.baidu.com/a/item?docid=3955180&f=rank_3000_35&pos=rank_3000_35&pre=web_am_rank> (referer: http://as.baidu.com/a/rank?cid=507&pn=30&s=1)
2014-02-22 16:36:12+0800 [downloadlink.as.baidu.com] DEBUG: Crawled (200) <GET http://as.baidu.com/a/item?docid=4773319&f=rank_3000_36&pos=rank_3000_36&pre=web_am_rank> (referer: http://as.baidu.com/a/rank?cid=507&pn=30&s=1)
2014-02-22 16:36:12+0800 [downloadlink.as.baidu.com] DEBUG: Crawled (200) <GET http://as.baidu.com/a/rank?cid=507&pn=27&s=1> (referer: http://as.baidu.com/a/rank?cid=507&pn=30&s=1)
2014-02-22 16:36:12+0800 [downloadlink.as.baidu.com] DEBUG: Crawled (200) <GET http://as.baidu.com/a/item?docid=4436049&f=rank_3000_29&pos=rank_3000_29&pre=web_am_rank> (referer: http://as.baidu.com/a/rank?cid=507&pn=32&s=1)
2014-02-22 16:36:12+0800 [downloadlink.as.baidu.com] DEBUG: Crawled (200) <GET http://as.baidu.com/a/item?docid=3391075&f=rank_3000_34&pos=rank_3000_34&pre=web_am_rank> (referer: http://as.baidu.com/a/rank?cid=507&pn=30&s=1)
2014-02-22 16:36:12+0800 [downloadlink.as.baidu.com] DEBUG: Crawled (200) <GET http://as.baidu.com/a/item?docid=533779&f=rank_3000_33&pos=rank_3000_33&pre=web_am_rank> (referer: http://as.baidu.com/a/rank?cid=507&pn=30&s=1)
2014-02-22 16:36:12+0800 [downloadlink.as.baidu.com] DEBUG: Crawled (200) <GET http://as.baidu.com/a/rank?cid=507&pn=28&s=1> (referer: http://as.baidu.com/a/rank?cid=507&pn=31&s=1)
2014-02-22 16:36:12+0800 [downloadlink.as.baidu.com] DEBUG: Crawled (200) <GET http://as.baidu.com/a/item?docid=2134607&f=rank_3000_37&pos=rank_3000_37&pre=web_am_rank> (referer: http://as.baidu.com/a/rank?cid=507&pn=29&s=1)
2014-02-22 16:36:12+0800 [downloadlink.as.baidu.com] DEBUG: Crawled (200) <GET http://as.baidu.com/a/item?docid=784663&f=rank_3000_36&pos=rank_3000_36&pre=web_am_rank> (referer: http://as.baidu.com/a/rank?cid=507&pn=29&s=1)
2014-02-22 16:36:12+0800 [downloadlink.as.baidu.com] DEBUG: Crawled (200) <GET http://as.baidu.com/a/rank?cid=507&pn=26&s=1> (referer: http://as.baidu.com/a/rank?cid=507&pn=29&s=1)
2014-02-22 16:36:13+0800 [downloadlink.as.baidu.com] DEBUG: Crawled (200) <GET http://as.baidu.com/a/item?docid=2704795&f=rank_3000_34&pos=rank_3000_34&pre=web_am_rank> (referer: http://as.baidu.com/a/rank?cid=507&pn=29&s=1)
2014-02-22 16:36:13+0800 [downloadlink.as.baidu.com] DEBUG: Crawled (200) <GET http://as.baidu.com/a/item?docid=3370271&f=rank_3000_30&pos=rank_3000_30&pre=web_am_rank> (referer: http://as.baidu.com/a/rank?cid=507&pn=29&s=1)
2014-02-22 16:36:13+0800 [downloadlink.as.baidu.com] DEBUG: Crawled (200) <GET http://as.baidu.com/a/item?docid=1295182292&f=rank_3000_31&pos=rank_3000_31&pre=web_am_rank> (referer: http://as.baidu.com/a/rank?cid=507&pn=29&s=1)
2014-02-22 16:36:13+0800 [downloadlink.as.baidu.com] DEBUG: Crawled (200) <GET http://as.baidu.com/a/item?docid=1327136&f=rank_3000_35&pos=rank_3000_35&pre=web_am_rank> (referer: http://as.baidu.com/a/rank?cid=507&pn=29&s=1)
2014-02-22 16:36:13+0800 [downloadlink.as.baidu.com] DEBUG: Crawled (200) <GET http://as.baidu.com/a/item?docid=3483150&f=rank_3000_28&pos=rank_3000_28&pre=web_am_rank> (referer: http://as.baidu.com/a/rank?cid=507&pn=29&s=1)
2014-02-22 16:36:13+0800 [downloadlink.as.baidu.com] DEBUG: Crawled (200) <GET http://as.baidu.com/a/item?docid=3090281&f=rank_3000_32&pos=rank_3000_32&pre=web_am_rank> (referer: http://as.baidu.com/a/rank?cid=507&pn=29&s=1)
2014-02-22 16:36:13+0800 [downloadlink.as.baidu.com] DEBUG: Crawled (200) <GET http://as.baidu.com/a/item?docid=4251127&f=rank_3000_29&pos=rank_3000_29&pre=web_am_rank> (referer: http://as.baidu.com/a/rank?cid=507&pn=29&s=1)
2014-02-22 16:36:13+0800 [downloadlink.as.baidu.com] DEBUG: Crawled (200) <GET http://as.baidu.com/a/item?docid=3701253&f=rank_3000_33&pos=rank_3000_33&pre=web_am_rank> (referer: http://as.baidu.com/a/rank?cid=507&pn=29&s=1)
2014-02-22 16:36:13+0800 [downloadlink.as.baidu.com] DEBUG: Crawled (200) <GET http://as.baidu.com/a/item?docid=5266669&f=rank_3000_27&pos=rank_3000_27&pre=web_am_rank> (referer: http://as.baidu.com/a/rank?cid=507&pn=29&s=1)
2014-02-22 16:36:13+0800 [downloadlink.as.baidu.com] DEBUG: Crawled (200) <GET http://as.baidu.com/a/item?docid=542564049&f=rank_3000_39&pos=rank_3000_39&pre=web_am_rank> (referer: http://as.baidu.com/a/rank?cid=507&pn=27&s=1)
2014-02-22 16:36:14+0800 [downloadlink.as.baidu.com] DEBUG: Crawled (200) <GET http://as.baidu.com/a/item?docid=477331&f=rank_3000_38&pos=rank_3000_38&pre=web_am_rank> (referer: http://as.baidu.com/a/rank?cid=507&pn=27&s=1)
2014-02-22 16:36:14+0800 [downloadlink.as.baidu.com] DEBUG: Crawled (200) <GET http://as.baidu.com/a/item?docid=5078814&f=rank_3000_36&pos=rank_3000_36&pre=web_am_rank> (referer: http://as.baidu.com/a/rank?cid=507&pn=28&s=1)
2014-02-22 16:36:14+0800 [downloadlink.as.baidu.com] DEBUG: Crawled (200) <GET http://as.baidu.com/a/item?docid=128201187&f=rank_3000_37&pos=rank_3000_37&pre=web_am_rank> (referer: http://as.baidu.com/a/rank?cid=507&pn=28&s=1)
2014-02-22 16:36:14+0800 [downloadlink.as.baidu.com] DEBUG: Crawled (200) <GET http://as.baidu.com/a/rank?cid=507&pn=25&s=1> (referer: http://as.baidu.com/a/rank?cid=507&pn=27&s=1)
2014-02-22 16:36:14+0800 [downloadlink.as.baidu.com] DEBUG: Crawled (200) <GET http://as.baidu.com/a/rank?cid=507&pn=23&s=1> (referer: http://as.baidu.com/a/rank?cid=507&pn=26&s=1)
2014-02-22 16:36:14+0800 [downloadlink.as.baidu.com] DEBUG: Crawled (200) <GET http://as.baidu.com/a/item?docid=3798247&f=rank_3000_35&pos=rank_3000_35&pre=web_am_rank> (referer: http://as.baidu.com/a/rank?cid=507&pn=28&s=1)
2014-02-22 16:36:14+0800 [downloadlink.as.baidu.com] DEBUG: Crawled (200) <GET http://as.baidu.com/a/rank?cid=507&pn=24&s=1> (referer: http://as.baidu.com/a/rank?cid=507&pn=27&s=1)
2014-02-22 16:36:14+0800 [downloadlink.as.baidu.com] DEBUG: Crawled (200) <GET http://as.baidu.com/a/item?docid=3286822&f=rank_3000_39&pos=rank_3000_39&pre=web_am_rank> (referer: http://as.baidu.com/a/rank?cid=507&pn=26&s=1)
2014-02-22 16:36:14+0800 [downloadlink.as.baidu.com] DEBUG: Crawled (200) <GET http://as.baidu.com/a/item?docid=3626807&f=rank_3000_38&pos=rank_3000_38&pre=web_am_rank> (referer: http://as.baidu.com/a/rank?cid=507&pn=26&s=1)
2014-02-22 16:36:14+0800 [downloadlink.as.baidu.com] DEBUG: Crawled (200) <GET http://as.baidu.com/a/item?docid=4124853&f=rank_3000_37&pos=rank_3000_37&pre=web_am_rank> (referer: http://as.baidu.com/a/rank?cid=507&pn=26&s=1)
2014-02-22 16:36:14+0800 [downloadlink.as.baidu.com] DEBUG: Crawled (200) <GET http://as.baidu.com/a/item?docid=2314230&f=rank_3000_36&pos=rank_3000_36&pre=web_am_rank> (referer: http://as.baidu.com/a/rank?cid=507&pn=26&s=1)
2014-02-22 16:36:14+0800 [downloadlink.as.baidu.com] DEBUG: Crawled (200) <GET http://as.baidu.com/a/item?docid=5833738&f=rank_3000_35&pos=rank_3000_35&pre=web_am_rank> (referer: http://as.baidu.com/a/rank?cid=507&pn=26&s=1)
2014-02-22 16:36:14+0800 [downloadlink.as.baidu.com] DEBUG: Crawled (200) <GET http://as.baidu.com/a/item?docid=5686242&f=rank_3000_34&pos=rank_3000_34&pre=web_am_rank> (referer: http://as.baidu.com/a/rank?cid=507&pn=26&s=1)
2014-02-22 16:36:15+0800 [downloadlink.as.baidu.com] DEBUG: Crawled (200) <GET http://as.baidu.com/a/item?docid=3092761&f=rank_3000_33&pos=rank_3000_33&pre=web_am_rank> (referer: http://as.baidu.com/a/rank?cid=507&pn=26&s=1)
2014-02-22 16:36:15+0800 [downloadlink.as.baidu.com] DEBUG: Crawled (200) <GET http://as.baidu.com/a/item?docid=2704715&f=rank_3000_32&pos=rank_3000_32&pre=web_am_rank> (referer: http://as.baidu.com/a/rank?cid=507&pn=26&s=1)
2014-02-22 16:36:15+0800 [downloadlink.as.baidu.com] DEBUG: Crawled (200) <GET http://as.baidu.com/a/item?docid=5731580&f=rank_3000_30&pos=rank_3000_30&pre=web_am_rank> (referer: http://as.baidu.com/a/rank?cid=507&pn=26&s=1)
2014-02-22 16:36:15+0800 [downloadlink.as.baidu.com] DEBUG: Crawled (200) <GET http://as.baidu.com/a/item?docid=2142438&f=rank_3000_28&pos=rank_3000_28&pre=web_am_rank> (referer: http://as.baidu.com/a/rank?cid=507&pn=26&s=1)
2014-02-22 16:36:15+0800 [downloadlink.as.baidu.com] DEBUG: Crawled (200) <GET http://as.baidu.com/a/item?docid=2376110&f=rank_3000_31&pos=rank_3000_31&pre=web_am_rank> (referer: http://as.baidu.com/a/rank?cid=507&pn=26&s=1)
2014-02-22 16:36:15+0800 [downloadlink.as.baidu.com] DEBUG: Crawled (200) <GET http://as.baidu.com/a/rank?cid=507&pn=22&s=1> (referer: http://as.baidu.com/a/rank?cid=507&pn=25&s=1)
2014-02-22 16:36:15+0800 [downloadlink.as.baidu.com] DEBUG: Crawled (200) <GET http://as.baidu.com/a/item?docid=347567114&f=rank_3000_27&pos=rank_3000_27&pre=web_am_rank> (referer: http://as.baidu.com/a/rank?cid=507&pn=26&s=1)
2014-02-22 16:36:15+0800 [downloadlink.as.baidu.com] DEBUG: Crawled (200) <GET http://as.baidu.com/a/item?docid=5817427&f=rank_3000_29&pos=rank_3000_29&pre=web_am_rank> (referer: http://as.baidu.com/a/rank?cid=507&pn=26&s=1)
2014-02-22 16:36:15+0800 [downloadlink.as.baidu.com] DEBUG: Crawled (200) <GET http://as.baidu.com/a/item?docid=2794666&f=rank_3000_38&pos=rank_3000_38&pre=web_am_rank> (referer: http://as.baidu.com/a/rank?cid=507&pn=25&s=1)
2014-02-22 16:36:15+0800 [downloadlink.as.baidu.com] DEBUG: Crawled (200) <GET http://as.baidu.com/a/item?docid=4902951&f=rank_3000_37&pos=rank_3000_37&pre=web_am_rank> (referer: http://as.baidu.com/a/rank?cid=507&pn=25&s=1)
2014-02-22 16:36:15+0800 [downloadlink.as.baidu.com] DEBUG: Crawled (200) <GET http://as.baidu.com/a/item?docid=3379713&f=rank_3000_0&pos=rank_3000_0&pre=web_am_rank> (referer: http://as.baidu.com/a/rank?cid=507&pn=24&s=1)
2014-02-22 16:36:15+0800 [downloadlink.as.baidu.com] DEBUG: Crawled (200) <GET http://as.baidu.com/a/item?docid=4495419&f=rank_3000_34&pos=rank_3000_34&pre=web_am_rank> (referer: http://as.baidu.com/a/rank?cid=507&pn=23&s=1)
2014-02-22 16:36:15+0800 [downloadlink.as.baidu.com] DEBUG: Crawled (200) <GET http://as.baidu.com/a/rank?cid=507&pn=21&s=1> (referer: http://as.baidu.com/a/rank?cid=507&pn=23&s=1)
2014-02-22 16:36:16+0800 [downloadlink.as.baidu.com] DEBUG: Crawled (200) <GET http://as.baidu.com/a/item?docid=2095912&f=rank_3000_36&pos=rank_3000_36&pre=web_am_rank> (referer: http://as.baidu.com/a/rank?cid=507&pn=24&s=1)
2014-02-22 16:36:16+0800 [downloadlink.as.baidu.com] DEBUG: Crawled (200) <GET http://as.baidu.com/a/rank?cid=507&pn=20&s=1> (referer: http://as.baidu.com/a/rank?cid=507&pn=23&s=1)
2014-02-22 16:36:16+0800 [downloadlink.as.baidu.com] DEBUG: Crawled (200) <GET http://as.baidu.com/a/item?docid=5834313&f=rank_3000_35&pos=rank_3000_35&pre=web_am_rank> (referer: http://as.baidu.com/a/rank?cid=507&pn=24&s=1)
2014-02-22 16:36:16+0800 [downloadlink.as.baidu.com] DEBUG: Crawled (200) <GET http://as.baidu.com/a/item?docid=5337145&f=rank_3000_34&pos=rank_3000_34&pre=web_am_rank> (referer: http://as.baidu.com/a/rank?cid=507&pn=24&s=1)
2014-02-22 16:36:16+0800 [downloadlink.as.baidu.com] DEBUG: Crawled (200) <GET http://as.baidu.com/a/item?docid=2313572&f=rank_3000_38&pos=rank_3000_38&pre=web_am_rank> (referer: http://as.baidu.com/a/rank?cid=507&pn=24&s=1)
2014-02-22 16:36:16+0800 [downloadlink.as.baidu.com] DEBUG: Crawled (200) <GET http://as.baidu.com/a/item?docid=4421141&f=rank_3000_37&pos=rank_3000_37&pre=web_am_rank> (referer: http://as.baidu.com/a/rank?cid=507&pn=24&s=1)
2014-02-22 16:36:16+0800 [downloadlink.as.baidu.com] DEBUG: Crawled (200) <GET http://as.baidu.com/a/item?docid=114346&f=rank_3000_33&pos=rank_3000_33&pre=web_am_rank> (referer: http://as.baidu.com/a/rank?cid=507&pn=24&s=1)
2014-02-22 16:36:16+0800 [downloadlink.as.baidu.com] DEBUG: Crawled (200) <GET http://as.baidu.com/a/item?docid=3646503&f=rank_3000_32&pos=rank_3000_32&pre=web_am_rank> (referer: http://as.baidu.com/a/rank?cid=507&pn=24&s=1)
2014-02-22 16:36:16+0800 [downloadlink.as.baidu.com] DEBUG: Crawled (200) <GET http://as.baidu.com/a/item?docid=5238829&f=rank_3000_31&pos=rank_3000_31&pre=web_am_rank> (referer: http://as.baidu.com/a/rank?cid=507&pn=24&s=1)
2014-02-22 16:36:16+0800 [downloadlink.as.baidu.com] DEBUG: Crawled (200) <GET http://as.baidu.com/a/item?docid=793000&f=rank_3000_36&pos=rank_3000_36&pre=web_am_rank> (referer: http://as.baidu.com/a/rank?cid=507&pn=22&s=1)
2014-02-22 16:36:16+0800 [downloadlink.as.baidu.com] DEBUG: Crawled (200) <GET http://as.baidu.com/a/item?docid=3496836&f=rank_3000_37&pos=rank_3000_37&pre=web_am_rank> (referer: http://as.baidu.com/a/rank?cid=507&pn=22&s=1)
2014-02-22 16:36:16+0800 [downloadlink.as.baidu.com] DEBUG: Crawled (200) <GET http://as.baidu.com/a/rank?cid=507&pn=19&s=1> (referer: http://as.baidu.com/a/rank?cid=507&pn=22&s=1)
2014-02-22 16:36:17+0800 [downloadlink.as.baidu.com] DEBUG: Crawled (200) <GET http://as.baidu.com/a/item?docid=1867560&f=rank_3000_35&pos=rank_3000_35&pre=web_am_rank> (referer: http://as.baidu.com/a/rank?cid=507&pn=22&s=1)
2014-02-22 16:36:17+0800 [downloadlink.as.baidu.com] DEBUG: Crawled (200) <GET http://as.baidu.com/a/item?docid=1828350&f=rank_3000_34&pos=rank_3000_34&pre=web_am_rank> (referer: http://as.baidu.com/a/rank?cid=507&pn=22&s=1)
2014-02-22 16:36:17+0800 [downloadlink.as.baidu.com] DEBUG: Crawled (200) <GET http://as.baidu.com/a/item?docid=1566789977&f=rank_3000_32&pos=rank_3000_32&pre=web_am_rank> (referer: http://as.baidu.com/a/rank?cid=507&pn=22&s=1)
2014-02-22 16:36:17+0800 [downloadlink.as.baidu.com] DEBUG: Crawled (200) <GET http://as.baidu.com/a/item?docid=2689345&f=rank_3000_33&pos=rank_3000_33&pre=web_am_rank> (referer: http://as.baidu.com/a/rank?cid=507&pn=22&s=1)
2014-02-22 16:36:17+0800 [downloadlink.as.baidu.com] DEBUG: Crawled (200) <GET http://as.baidu.com/a/rank?cid=507&pn=18&s=1> (referer: http://as.baidu.com/a/rank?cid=507&pn=21&s=1)
2014-02-22 16:36:17+0800 [downloadlink.as.baidu.com] DEBUG: Crawled (200) <GET http://as.baidu.com/a/item?docid=217204&f=rank_3000_37&pos=rank_3000_37&pre=web_am_rank> (referer: http://as.baidu.com/a/rank?cid=507&pn=21&s=1)
2014-02-22 16:36:17+0800 [downloadlink.as.baidu.com] DEBUG: Crawled (200) <GET http://as.baidu.com/a/item?docid=5780529&f=rank_3000_35&pos=rank_3000_35&pre=web_am_rank> (referer: http://as.baidu.com/a/rank?cid=507&pn=20&s=1)
2014-02-22 16:36:17+0800 [downloadlink.as.baidu.com] DEBUG: Crawled (200) <GET http://as.baidu.com/a/item?docid=4633230&f=rank_3000_36&pos=rank_3000_36&pre=web_am_rank> (referer: http://as.baidu.com/a/rank?cid=507&pn=20&s=1)
2014-02-22 16:36:17+0800 [downloadlink.as.baidu.com] DEBUG: Crawled (200) <GET http://as.baidu.com/a/item?docid=935170&f=rank_3000_34&pos=rank_3000_34&pre=web_am_rank> (referer: http://as.baidu.com/a/rank?cid=507&pn=20&s=1)
2014-02-22 16:36:17+0800 [downloadlink.as.baidu.com] DEBUG: Crawled (200) <GET http://as.baidu.com/a/item?docid=3911526&f=rank_3000_33&pos=rank_3000_33&pre=web_am_rank> (referer: http://as.baidu.com/a/rank?cid=507&pn=20&s=1)
2014-02-22 16:36:17+0800 [downloadlink.as.baidu.com] DEBUG: Crawled (200) <GET http://as.baidu.com/a/rank?cid=507&pn=17&s=1> (referer: http://as.baidu.com/a/rank?cid=507&pn=20&s=1)
2014-02-22 16:36:17+0800 [downloadlink.as.baidu.com] DEBUG: Crawled (200) <GET http://as.baidu.com/a/item?docid=3234186&f=rank_3000_30&pos=rank_3000_30&pre=web_am_rank> (referer: http://as.baidu.com/a/rank?cid=507&pn=20&s=1)
2014-02-22 16:36:17+0800 [downloadlink.as.baidu.com] DEBUG: Crawled (200) <GET http://as.baidu.com/a/item?docid=2344903&f=rank_3000_32&pos=rank_3000_32&pre=web_am_rank> (referer: http://as.baidu.com/a/rank?cid=507&pn=20&s=1)
2014-02-22 16:36:17+0800 [downloadlink.as.baidu.com] DEBUG: Crawled (200) <GET http://as.baidu.com/a/item?docid=5568817&f=rank_3000_31&pos=rank_3000_31&pre=web_am_rank> (referer: http://as.baidu.com/a/rank?cid=507&pn=20&s=1)
2014-02-22 16:36:18+0800 [downloadlink.as.baidu.com] DEBUG: Crawled (200) <GET http://as.baidu.com/a/item?docid=5841361&f=rank_3000_29&pos=rank_3000_29&pre=web_am_rank> (referer: http://as.baidu.com/a/rank?cid=507&pn=20&s=1)
2014-02-22 16:36:18+0800 [downloadlink.as.baidu.com] DEBUG: Crawled (200) <GET http://as.baidu.com/a/item?docid=5285736&f=rank_3000_28&pos=rank_3000_28&pre=web_am_rank> (referer: http://as.baidu.com/a/rank?cid=507&pn=20&s=1)
2014-02-22 16:36:18+0800 [downloadlink.as.baidu.com] DEBUG: Crawled (200) <GET http://as.baidu.com/a/item?docid=3857678&f=rank_3000_37&pos=rank_3000_37&pre=web_am_rank> (referer: http://as.baidu.com/a/rank?cid=507&pn=19&s=1)
2014-02-22 16:36:18+0800 [downloadlink.as.baidu.com] DEBUG: Crawled (200) <GET http://as.baidu.com/a/rank?cid=507&pn=16&s=1> (referer: http://as.baidu.com/a/rank?cid=507&pn=19&s=1)
2014-02-22 16:36:18+0800 [downloadlink.as.baidu.com] DEBUG: Crawled (200) <GET http://as.baidu.com/a/item?docid=5848288&f=rank_3000_35&pos=rank_3000_35&pre=web_am_rank> (referer: http://as.baidu.com/a/rank?cid=507&pn=19&s=1)
2014-02-22 16:36:18+0800 [downloadlink.as.baidu.com] DEBUG: Crawled (200) <GET http://as.baidu.com/a/item?docid=5684605&f=rank_3000_38&pos=rank_3000_38&pre=web_am_rank> (referer: http://as.baidu.com/a/rank?cid=507&pn=19&s=1)
2014-02-22 16:36:18+0800 [downloadlink.as.baidu.com] DEBUG: Crawled (200) <GET http://as.baidu.com/a/rank?cid=507&pn=15&s=1> (referer: http://as.baidu.com/a/rank?cid=507&pn=18&s=1)
2014-02-22 16:36:18+0800 [downloadlink.as.baidu.com] DEBUG: Crawled (200) <GET http://as.baidu.com/a/item?docid=1033224&f=rank_3000_38&pos=rank_3000_38&pre=web_am_rank> (referer: http://as.baidu.com/a/rank?cid=507&pn=18&s=1)
2014-02-22 16:36:18+0800 [downloadlink.as.baidu.com] DEBUG: Crawled (200) <GET http://as.baidu.com/a/item?docid=4263832&f=rank_3000_36&pos=rank_3000_36&pre=web_am_rank> (referer: http://as.baidu.com/a/rank?cid=507&pn=18&s=1)
2014-02-22 16:36:18+0800 [downloadlink.as.baidu.com] DEBUG: Crawled (200) <GET http://as.baidu.com/a/item?docid=5820039&f=rank_3000_36&pos=rank_3000_36&pre=web_am_rank> (referer: http://as.baidu.com/a/rank?cid=507&pn=19&s=1)
2014-02-22 16:36:18+0800 [downloadlink.as.baidu.com] DEBUG: Crawled (200) <GET http://as.baidu.com/a/item?docid=1877798&f=rank_3000_37&pos=rank_3000_37&pre=web_am_rank> (referer: http://as.baidu.com/a/rank?cid=507&pn=18&s=1)
2014-02-22 16:36:18+0800 [downloadlink.as.baidu.com] DEBUG: Crawled (200) <GET http://as.baidu.com/a/item?docid=4981503&f=rank_3000_34&pos=rank_3000_34&pre=web_am_rank> (referer: http://as.baidu.com/a/rank?cid=507&pn=18&s=1)
2014-02-22 16:36:18+0800 [downloadlink.as.baidu.com] DEBUG: Crawled (200) <GET http://as.baidu.com/a/item?docid=1959373&f=rank_3000_35&pos=rank_3000_35&pre=web_am_rank> (referer: http://as.baidu.com/a/rank?cid=507&pn=18&s=1)
2014-02-22 16:36:19+0800 [downloadlink.as.baidu.com] DEBUG: Crawled (200) <GET http://as.baidu.com/a/item?docid=5173265&f=rank_3000_35&pos=rank_3000_35&pre=web_am_rank> (referer: http://as.baidu.com/a/rank?cid=507&pn=17&s=1)
2014-02-22 16:36:19+0800 [downloadlink.as.baidu.com] DEBUG: Crawled (200) <GET http://as.baidu.com/a/rank?cid=507&pn=14&s=1> (referer: http://as.baidu.com/a/rank?cid=507&pn=17&s=1)
2014-02-22 16:36:19+0800 [downloadlink.as.baidu.com] DEBUG: Crawled (200) <GET http://as.baidu.com/a/item?docid=1738098057&f=rank_3000_36&pos=rank_3000_36&pre=web_am_rank> (referer: http://as.baidu.com/a/rank?cid=507&pn=17&s=1)
2014-02-22 16:36:19+0800 [downloadlink.as.baidu.com] DEBUG: Crawled (200) <GET http://as.baidu.com/a/item?docid=2369106&f=rank_3000_32&pos=rank_3000_32&pre=web_am_rank> (referer: http://as.baidu.com/a/rank?cid=507&pn=17&s=1)
2014-02-22 16:36:19+0800 [downloadlink.as.baidu.com] DEBUG: Crawled (200) <GET http://as.baidu.com/a/item?docid=388956&f=rank_3000_33&pos=rank_3000_33&pre=web_am_rank> (referer: http://as.baidu.com/a/rank?cid=507&pn=17&s=1)
2014-02-22 16:36:19+0800 [downloadlink.as.baidu.com] DEBUG: Crawled (200) <GET http://as.baidu.com/a/item?docid=5620803&f=rank_3000_31&pos=rank_3000_31&pre=web_am_rank> (referer: http://as.baidu.com/a/rank?cid=507&pn=17&s=1)
2014-02-22 16:36:19+0800 [downloadlink.as.baidu.com] DEBUG: Crawled (200) <GET http://as.baidu.com/a/item?docid=2376123&f=rank_3000_34&pos=rank_3000_34&pre=web_am_rank> (referer: http://as.baidu.com/a/rank?cid=507&pn=17&s=1)
2014-02-22 16:36:19+0800 [downloadlink.as.baidu.com] DEBUG: Crawled (200) <GET http://as.baidu.com/a/rank?cid=507&pn=13&s=1> (referer: http://as.baidu.com/a/rank?cid=507&pn=16&s=1)
2014-02-22 16:36:19+0800 [downloadlink.as.baidu.com] DEBUG: Crawled (200) <GET http://as.baidu.com/a/item?docid=5250340&f=rank_3000_37&pos=rank_3000_37&pre=web_am_rank> (referer: http://as.baidu.com/a/rank?cid=507&pn=16&s=1)
2014-02-22 16:36:19+0800 [downloadlink.as.baidu.com] DEBUG: Crawled (200) <GET http://as.baidu.com/a/item?docid=500499&f=rank_3000_36&pos=rank_3000_36&pre=web_am_rank> (referer: http://as.baidu.com/a/rank?cid=507&pn=16&s=1)
2014-02-22 16:36:19+0800 [downloadlink.as.baidu.com] DEBUG: Crawled (200) <GET http://as.baidu.com/a/item?docid=5273710&f=rank_3000_35&pos=rank_3000_35&pre=web_am_rank> (referer: http://as.baidu.com/a/rank?cid=507&pn=15&s=1)
2014-02-22 16:36:19+0800 [downloadlink.as.baidu.com] DEBUG: Crawled (200) <GET http://as.baidu.com/a/item?docid=5630363&f=rank_3000_34&pos=rank_3000_34&pre=web_am_rank> (referer: http://as.baidu.com/a/rank?cid=507&pn=15&s=1)
2014-02-22 16:36:19+0800 [downloadlink.as.baidu.com] DEBUG: Crawled (200) <GET http://as.baidu.com/a/rank?cid=507&pn=12&s=1> (referer: http://as.baidu.com/a/rank?cid=507&pn=15&s=1)
2014-02-22 16:36:19+0800 [downloadlink.as.baidu.com] DEBUG: Crawled (200) <GET http://as.baidu.com/a/item?docid=4924276&f=rank_3000_33&pos=rank_3000_33&pre=web_am_rank> (referer: http://as.baidu.com/a/rank?cid=507&pn=15&s=1)
2014-02-22 16:36:20+0800 [downloadlink.as.baidu.com] DEBUG: Crawled (200) <GET http://as.baidu.com/a/item?docid=3848257&f=rank_3000_32&pos=rank_3000_32&pre=web_am_rank> (referer: http://as.baidu.com/a/rank?cid=507&pn=15&s=1)
2014-02-22 16:36:20+0800 [downloadlink.as.baidu.com] DEBUG: Crawled (200) <GET http://as.baidu.com/a/item?docid=2102894&f=rank_3000_31&pos=rank_3000_31&pre=web_am_rank> (referer: http://as.baidu.com/a/rank?cid=507&pn=15&s=1)
2014-02-22 16:36:20+0800 [downloadlink.as.baidu.com] DEBUG: Crawled (200) <GET http://as.baidu.com/a/item?docid=5680428&f=rank_3000_30&pos=rank_3000_30&pre=web_am_rank> (referer: http://as.baidu.com/a/rank?cid=507&pn=15&s=1)
2014-02-22 16:36:20+0800 [downloadlink.as.baidu.com] DEBUG: Crawled (200) <GET http://as.baidu.com/a/item?docid=3146789&f=rank_3000_29&pos=rank_3000_29&pre=web_am_rank> (referer: http://as.baidu.com/a/rank?cid=507&pn=15&s=1)
2014-02-22 16:36:20+0800 [downloadlink.as.baidu.com] DEBUG: Crawled (200) <GET http://as.baidu.com/a/rank?cid=507&pn=11&s=1> (referer: http://as.baidu.com/a/rank?cid=507&pn=14&s=1)
2014-02-22 16:36:20+0800 [downloadlink.as.baidu.com] DEBUG: Crawled (200) <GET http://as.baidu.com/a/item?docid=2936024551&f=rank_3000_38&pos=rank_3000_38&pre=web_am_rank> (referer: http://as.baidu.com/a/rank?cid=507&pn=14&s=1)
2014-02-22 16:36:20+0800 [downloadlink.as.baidu.com] DEBUG: Crawled (200) <GET http://as.baidu.com/a/item?docid=2879227&f=rank_3000_37&pos=rank_3000_37&pre=web_am_rank> (referer: http://as.baidu.com/a/rank?cid=507&pn=14&s=1)
2014-02-22 16:36:20+0800 [downloadlink.as.baidu.com] DEBUG: Crawled (200) <GET http://as.baidu.com/a/item?docid=2100654&f=rank_3000_36&pos=rank_3000_36&pre=web_am_rank> (referer: http://as.baidu.com/a/rank?cid=507&pn=14&s=1)
2014-02-22 16:36:20+0800 [downloadlink.as.baidu.com] DEBUG: Crawled (200) <GET http://as.baidu.com/a/item?docid=4479996&f=rank_3000_37&pos=rank_3000_37&pre=web_am_rank> (referer: http://as.baidu.com/a/rank?cid=507&pn=13&s=1)
2014-02-22 16:36:20+0800 [downloadlink.as.baidu.com] DEBUG: Crawled (200) <GET http://as.baidu.com/a/item?docid=840261&f=rank_3000_35&pos=rank_3000_35&pre=web_am_rank> (referer: http://as.baidu.com/a/rank?cid=507&pn=14&s=1)
2014-02-22 16:36:20+0800 [downloadlink.as.baidu.com] DEBUG: Crawled (200) <GET http://as.baidu.com/a/rank?cid=507&pn=10&s=1> (referer: http://as.baidu.com/a/rank?cid=507&pn=13&s=1)
2014-02-22 16:36:21+0800 [downloadlink.as.baidu.com] DEBUG: Crawled (200) <GET http://as.baidu.com/a/item?docid=3106570&f=rank_3000_34&pos=rank_3000_34&pre=web_am_rank> (referer: http://as.baidu.com/a/rank?cid=507&pn=14&s=1)
2014-02-22 16:36:21+0800 [downloadlink.as.baidu.com] DEBUG: Crawled (200) <GET http://as.baidu.com/a/item?docid=5582845&f=rank_3000_36&pos=rank_3000_36&pre=web_am_rank> (referer: http://as.baidu.com/a/rank?cid=507&pn=13&s=1)
2014-02-22 16:36:21+0800 [downloadlink.as.baidu.com] DEBUG: Crawled (200) <GET http://as.baidu.com/a/item?docid=4148145&f=rank_3000_34&pos=rank_3000_34&pre=web_am_rank> (referer: http://as.baidu.com/a/rank?cid=507&pn=13&s=1)
2014-02-22 16:36:21+0800 [downloadlink.as.baidu.com] DEBUG: Crawled (200) <GET http://as.baidu.com/a/item?docid=5041591&f=rank_3000_35&pos=rank_3000_35&pre=web_am_rank> (referer: http://as.baidu.com/a/rank?cid=507&pn=13&s=1)
2014-02-22 16:36:21+0800 [downloadlink.as.baidu.com] DEBUG: Crawled (200) <GET http://as.baidu.com/a/item?docid=5189525&f=rank_3000_0&pos=rank_3000_0&pre=web_am_rank> (referer: http://as.baidu.com/a/rank?cid=507&pn=12&s=1)
2014-02-22 16:36:21+0800 [downloadlink.as.baidu.com] DEBUG: Crawled (200) <GET http://as.baidu.com/a/item?docid=3985132&f=rank_3000_38&pos=rank_3000_38&pre=web_am_rank> (referer: http://as.baidu.com/a/rank?cid=507&pn=12&s=1)
2014-02-22 16:36:21+0800 [downloadlink.as.baidu.com] DEBUG: Crawled (200) <GET http://as.baidu.com/a/item?docid=5468914&f=rank_3000_39&pos=rank_3000_39&pre=web_am_rank> (referer: http://as.baidu.com/a/rank?cid=507&pn=12&s=1)
2014-02-22 16:36:21+0800 [downloadlink.as.baidu.com] DEBUG: Crawled (200) <GET http://as.baidu.com/a/rank?cid=507&pn=9&s=1> (referer: http://as.baidu.com/a/rank?cid=507&pn=12&s=1)
2014-02-22 16:36:21+0800 [downloadlink.as.baidu.com] DEBUG: Crawled (200) <GET http://as.baidu.com/a/item?docid=1138833&f=rank_3000_36&pos=rank_3000_36&pre=web_am_rank> (referer: http://as.baidu.com/a/rank?cid=507&pn=12&s=1)
2014-02-22 16:36:21+0800 [downloadlink.as.baidu.com] DEBUG: Crawled (200) <GET http://as.baidu.com/a/item?docid=3690345&f=rank_3000_37&pos=rank_3000_37&pre=web_am_rank> (referer: http://as.baidu.com/a/rank?cid=507&pn=11&s=1)
2014-02-22 16:36:21+0800 [downloadlink.as.baidu.com] DEBUG: Crawled (200) <GET http://as.baidu.com/a/item?docid=2786100&f=rank_3000_38&pos=rank_3000_38&pre=web_am_rank> (referer: http://as.baidu.com/a/rank?cid=507&pn=11&s=1)
2014-02-22 16:36:21+0800 [downloadlink.as.baidu.com] DEBUG: Crawled (200) <GET http://as.baidu.com/a/item?docid=1183454&f=rank_3000_37&pos=rank_3000_37&pre=web_am_rank> (referer: http://as.baidu.com/a/rank?cid=507&pn=12&s=1)
2014-02-22 16:36:21+0800 [downloadlink.as.baidu.com] DEBUG: Crawled (200) <GET http://as.baidu.com/a/item?docid=5804541&f=rank_3000_36&pos=rank_3000_36&pre=web_am_rank> (referer: http://as.baidu.com/a/rank?cid=507&pn=11&s=1)
2014-02-22 16:36:21+0800 [downloadlink.as.baidu.com] DEBUG: Crawled (200) <GET http://as.baidu.com/a/rank?cid=507&pn=8&s=1> (referer: http://as.baidu.com/a/rank?cid=507&pn=11&s=1)
2014-02-22 16:36:21+0800 [downloadlink.as.baidu.com] DEBUG: Crawled (200) <GET http://as.baidu.com/a/item?docid=4185897&f=rank_3000_34&pos=rank_3000_34&pre=web_am_rank> (referer: http://as.baidu.com/a/rank?cid=507&pn=11&s=1)
2014-02-22 16:36:21+0800 [scrapy] INFO: Received SIGINT, shutting down gracefully. Send again to force unclean shutdown
2014-02-22 16:36:21+0800 [downloadlink.as.baidu.com] INFO: Closing spider (shutdown)
2014-02-22 16:36:22+0800 [downloadlink.as.baidu.com] DEBUG: Crawled (200) <GET http://as.baidu.com/a/item?docid=5628955&f=rank_3000_38&pos=rank_3000_38&pre=web_am_rank> (referer: http://as.baidu.com/a/rank?cid=507&pn=10&s=1)
2014-02-22 16:36:22+0800 [downloadlink.as.baidu.com] DEBUG: Crawled (200) <GET http://as.baidu.com/a/item?docid=2605872&f=rank_3000_37&pos=rank_3000_37&pre=web_am_rank> (referer: http://as.baidu.com/a/rank?cid=507&pn=10&s=1)
2014-02-22 16:36:22+0800 [downloadlink.as.baidu.com] DEBUG: Crawled (200) <GET http://as.baidu.com/a/item?docid=4269034&f=rank_3000_36&pos=rank_3000_36&pre=web_am_rank> (referer: http://as.baidu.com/a/rank?cid=507&pn=10&s=1)
2014-02-22 16:36:22+0800 [downloadlink.as.baidu.com] DEBUG: Crawled (200) <GET http://as.baidu.com/a/item?docid=1085629&f=rank_3000_35&pos=rank_3000_35&pre=web_am_rank> (referer: http://as.baidu.com/a/rank?cid=507&pn=11&s=1)
2014-02-22 16:36:22+0800 [downloadlink.as.baidu.com] DEBUG: Crawled (200) <GET http://as.baidu.com/a/rank?cid=507&pn=7&s=1> (referer: http://as.baidu.com/a/rank?cid=507&pn=10&s=1)
2014-02-22 16:36:22+0800 [downloadlink.as.baidu.com] DEBUG: Crawled (200) <GET http://as.baidu.com/a/item?docid=5292545&f=rank_3000_34&pos=rank_3000_34&pre=web_am_rank> (referer: http://as.baidu.com/a/rank?cid=507&pn=10&s=1)
2014-02-22 16:36:22+0800 [downloadlink.as.baidu.com] DEBUG: Crawled (200) <GET http://as.baidu.com/a/item?docid=2952649&f=rank_3000_33&pos=rank_3000_33&pre=web_am_rank> (referer: http://as.baidu.com/a/rank?cid=507&pn=10&s=1)
2014-02-22 16:36:22+0800 [downloadlink.as.baidu.com] DEBUG: Crawled (200) <GET http://as.baidu.com/a/item?docid=5627221&f=rank_3000_35&pos=rank_3000_35&pre=web_am_rank> (referer: http://as.baidu.com/a/rank?cid=507&pn=10&s=1)
2014-02-22 16:36:22+0800 [downloadlink.as.baidu.com] DEBUG: Crawled (200) <GET http://as.baidu.com/a/item?docid=225471&f=rank_3000_37&pos=rank_3000_37&pre=web_am_rank> (referer: http://as.baidu.com/a/rank?cid=507&pn=9&s=1)
2014-02-22 16:36:22+0800 [downloadlink.as.baidu.com] DEBUG: Crawled (200) <GET http://as.baidu.com/a/item?docid=4856456&f=rank_3000_32&pos=rank_3000_32&pre=web_am_rank> (referer: http://as.baidu.com/a/rank?cid=507&pn=10&s=1)
2014-02-22 16:36:22+0800 [downloadlink.as.baidu.com] DEBUG: Crawled (200) <GET http://as.baidu.com/a/item?docid=1829235&f=rank_3000_36&pos=rank_3000_36&pre=web_am_rank> (referer: http://as.baidu.com/a/rank?cid=507&pn=9&s=1)
2014-02-22 16:36:22+0800 [scrapy] INFO: Received SIGINT twice, forcing unclean shutdown
2014-02-22 16:36:22+0800 [downloadlink.as.baidu.com] DEBUG: Crawled (200) <GET http://as.baidu.com/a/item?docid=5844268&f=rank_3000_35&pos=rank_3000_35&pre=web_am_rank> (referer: http://as.baidu.com/a/rank?cid=507&pn=9&s=1)
2014-02-22 16:36:22+0800 [downloadlink.as.baidu.com] DEBUG: Crawled (200) <GET http://as.baidu.com/a/item?docid=5783441&f=rank_3000_39&pos=rank_3000_39&pre=web_am_rank> (referer: http://as.baidu.com/a/rank?cid=507&pn=8&s=1)
2014-02-22 16:36:22+0800 [downloadlink.as.baidu.com] DEBUG: Crawled (200) <GET http://as.baidu.com/a/item?docid=1832712194&f=rank_3000_34&pos=rank_3000_34&pre=web_am_rank> (referer: http://as.baidu.com/a/rank?cid=507&pn=9&s=1)
2014-02-22 16:36:22+0800 [downloadlink.as.baidu.com] DEBUG: Crawled (200) <GET http://as.baidu.com/a/item?docid=4394892&f=rank_3000_33&pos=rank_3000_33&pre=web_am_rank> (referer: http://as.baidu.com/a/rank?cid=507&pn=9&s=1)
2014-02-22 16:36:22+0800 [downloadlink.as.baidu.com] DEBUG: Crawled (200) <GET http://as.baidu.com/a/rank?cid=507&pn=6&s=1> (referer: http://as.baidu.com/a/rank?cid=507&pn=9&s=1)
